{"/home/shashika/PROJECTS/find-one/src/Redux/forms/forms.actions.ts": {"path":"/home/shashika/PROJECTS/find-one/src/Redux/forms/forms.actions.ts","statementMap":{"0":{"start":{"line":3,"column":24},"end":{"line":3,"column":86}},"1":{"start":{"line":3,"column":46},"end":{"line":3,"column":85}},"2":{"start":{"line":5,"column":27},"end":{"line":5,"column":93}},"3":{"start":{"line":5,"column":49},"end":{"line":5,"column":92}},"4":{"start":{"line":7,"column":25},"end":{"line":7,"column":93}},"5":{"start":{"line":7,"column":47},"end":{"line":7,"column":92}},"6":{"start":{"line":9,"column":28},"end":{"line":9,"column":98}},"7":{"start":{"line":9,"column":50},"end":{"line":9,"column":97}}},"fnMap":{"0":{"name":"(anonymous_0)","decl":{"start":{"line":3,"column":24},"end":{"line":3,"column":25}},"loc":{"start":{"line":3,"column":46},"end":{"line":3,"column":85}},"line":3},"1":{"name":"(anonymous_1)","decl":{"start":{"line":5,"column":27},"end":{"line":5,"column":28}},"loc":{"start":{"line":5,"column":49},"end":{"line":5,"column":92}},"line":5},"2":{"name":"(anonymous_2)","decl":{"start":{"line":7,"column":25},"end":{"line":7,"column":26}},"loc":{"start":{"line":7,"column":47},"end":{"line":7,"column":92}},"line":7},"3":{"name":"(anonymous_3)","decl":{"start":{"line":9,"column":28},"end":{"line":9,"column":29}},"loc":{"start":{"line":9,"column":50},"end":{"line":9,"column":97}},"line":9}},"branchMap":{},"s":{"0":1,"1":0,"2":1,"3":0,"4":1,"5":0,"6":1,"7":0},"f":{"0":0,"1":0,"2":0,"3":0},"b":{},"_coverageSchema":"1a1c01bbd47fc00a2c39e90264f33305004495a9","hash":"30da9caae4bdb1d7a9740f32ed2cb42e0e255ff1"}
,"/home/shashika/PROJECTS/find-one/src/Redux/forms/forms.constants.ts": {"path":"/home/shashika/PROJECTS/find-one/src/Redux/forms/forms.constants.ts","statementMap":{"0":{"start":{"line":1,"column":26},"end":{"line":6,"column":1}}},"fnMap":{},"branchMap":{},"s":{"0":1},"f":{},"b":{},"_coverageSchema":"1a1c01bbd47fc00a2c39e90264f33305004495a9","hash":"a901ffdaad413bb7858614d0b55eec595dc195df"}
,"/home/shashika/PROJECTS/find-one/src/components/offline-notice/offline-notice.component.tsx": {"path":"/home/shashika/PROJECTS/find-one/src/components/offline-notice/offline-notice.component.tsx","statementMap":{"0":{"start":{"line":9,"column":22},"end":{"line":17,"column":1}},"1":{"start":{"line":10,"column":18},"end":{"line":10,"column":30}},"2":{"start":{"line":12,"column":2},"end":{"line":14,"column":3}},"3":{"start":{"line":13,"column":4},"end":{"line":13,"column":73}},"4":{"start":{"line":16,"column":2},"end":{"line":16,"column":14}},"5":{"start":{"line":19,"column":0},"end":{"line":21,"column":2}}},"fnMap":{"0":{"name":"(anonymous_0)","decl":{"start":{"line":9,"column":22},"end":{"line":9,"column":23}},"loc":{"start":{"line":9,"column":51},"end":{"line":17,"column":1}},"line":9}},"branchMap":{"0":{"loc":{"start":{"line":12,"column":2},"end":{"line":14,"column":3}},"type":"if","locations":[{"start":{"line":12,"column":2},"end":{"line":14,"column":3}},{"start":{"line":12,"column":2},"end":{"line":14,"column":3}}],"line":12},"1":{"loc":{"start":{"line":12,"column":6},"end":{"line":12,"column":73}},"type":"binary-expr","locations":[{"start":{"line":12,"column":6},"end":{"line":12,"column":32}},{"start":{"line":12,"column":36},"end":{"line":12,"column":73}}],"line":12}},"s":{"0":1,"1":2,"2":2,"3":0,"4":2,"5":1},"f":{"0":2},"b":{"0":[0,2],"1":[2,2]},"_coverageSchema":"1a1c01bbd47fc00a2c39e90264f33305004495a9","hash":"169d4f879c1daac8dad4782086f39e4a7009fee6"}
,"/home/shashika/PROJECTS/find-one/src/components/offline-notice/offline-notice.strings.ts": {"path":"/home/shashika/PROJECTS/find-one/src/components/offline-notice/offline-notice.strings.ts","statementMap":{},"fnMap":{},"branchMap":{},"s":{},"f":{},"b":{},"_coverageSchema":"1a1c01bbd47fc00a2c39e90264f33305004495a9","hash":"d70f698d1982f9b309b9a2974168bb5a8234a5e0"}
,"/home/shashika/PROJECTS/find-one/src/components/offline-notice/offline-notice.styles.ts": {"path":"/home/shashika/PROJECTS/find-one/src/components/offline-notice/offline-notice.styles.ts","statementMap":{},"fnMap":{},"branchMap":{},"s":{},"f":{},"b":{},"_coverageSchema":"1a1c01bbd47fc00a2c39e90264f33305004495a9","hash":"5ffde9143a6eb6cb71d01fb6c6641d28c661e2de"}
,"/home/shashika/PROJECTS/find-one/src/components/ui/index.ts": {"path":"/home/shashika/PROJECTS/find-one/src/components/ui/index.ts","statementMap":{},"fnMap":{},"branchMap":{},"s":{},"f":{},"b":{},"_coverageSchema":"1a1c01bbd47fc00a2c39e90264f33305004495a9","hash":"96f5c93eaaec4a099083742f6bf192c9419b3868"}
,"/home/shashika/PROJECTS/find-one/src/components/ui/accordian/accordian.component.tsx": {"path":"/home/shashika/PROJECTS/find-one/src/components/ui/accordian/accordian.component.tsx","statementMap":{"0":{"start":{"line":8,"column":18},"end":{"line":30,"column":1}},"1":{"start":{"line":9,"column":38},"end":{"line":9,"column":50}},"2":{"start":{"line":11,"column":25},"end":{"line":11,"column":83}},"3":{"start":{"line":11,"column":41},"end":{"line":11,"column":83}},"4":{"start":{"line":13,"column":25},"end":{"line":27,"column":6}},"5":{"start":{"line":14,"column":4},"end":{"line":27,"column":6}},"6":{"start":{"line":15,"column":6},"end":{"line":26,"column":13}},"7":{"start":{"line":16,"column":53},"end":{"line":16,"column":76}},"8":{"start":{"line":29,"column":2},"end":{"line":29,"column":66}}},"fnMap":{"0":{"name":"(anonymous_0)","decl":{"start":{"line":8,"column":18},"end":{"line":8,"column":19}},"loc":{"start":{"line":8,"column":97},"end":{"line":30,"column":1}},"line":8},"1":{"name":"(anonymous_1)","decl":{"start":{"line":11,"column":25},"end":{"line":11,"column":26}},"loc":{"start":{"line":11,"column":41},"end":{"line":11,"column":83}},"line":11},"2":{"name":"(anonymous_2)","decl":{"start":{"line":13,"column":25},"end":{"line":13,"column":26}},"loc":{"start":{"line":14,"column":4},"end":{"line":27,"column":6}},"line":14},"3":{"name":"(anonymous_3)","decl":{"start":{"line":14,"column":14},"end":{"line":14,"column":15}},"loc":{"start":{"line":15,"column":6},"end":{"line":26,"column":13}},"line":15},"4":{"name":"(anonymous_4)","decl":{"start":{"line":16,"column":47},"end":{"line":16,"column":48}},"loc":{"start":{"line":16,"column":53},"end":{"line":16,"column":76}},"line":16}},"branchMap":{"0":{"loc":{"start":{"line":11,"column":55},"end":{"line":11,"column":82}},"type":"cond-expr","locations":[{"start":{"line":11,"column":75},"end":{"line":11,"column":77}},{"start":{"line":11,"column":80},"end":{"line":11,"column":82}}],"line":11},"1":{"loc":{"start":{"line":23,"column":9},"end":{"line":25,"column":9}},"type":"binary-expr","locations":[{"start":{"line":23,"column":9},"end":{"line":23,"column":31}},{"start":{"line":24,"column":10},"end":{"line":24,"column":76}}],"line":23}},"s":{"0":1,"1":0,"2":0,"3":0,"4":0,"5":0,"6":0,"7":0,"8":0},"f":{"0":0,"1":0,"2":0,"3":0,"4":0},"b":{"0":[0,0],"1":[0,0]},"_coverageSchema":"1a1c01bbd47fc00a2c39e90264f33305004495a9","hash":"0391f3dddb73b803835e16de2314c57372249f5f"}
,"/home/shashika/PROJECTS/find-one/src/components/ui/accordian/accordian.styles.ts": {"path":"/home/shashika/PROJECTS/find-one/src/components/ui/accordian/accordian.styles.ts","statementMap":{},"fnMap":{},"branchMap":{},"s":{},"f":{},"b":{},"_coverageSchema":"1a1c01bbd47fc00a2c39e90264f33305004495a9","hash":"64c6a6352ce0cfdae9870bd5ceb61441c4948a67"}
,"/home/shashika/PROJECTS/find-one/src/components/ui/borderless-button/borderless-button.component.tsx": {"path":"/home/shashika/PROJECTS/find-one/src/components/ui/borderless-button/borderless-button.component.tsx","statementMap":{"0":{"start":{"line":7,"column":25},"end":{"line":24,"column":1}},"1":{"start":{"line":16,"column":2},"end":{"line":23,"column":14}},"2":{"start":{"line":16,"column":68},"end":{"line":16,"column":77}},"3":{"start":{"line":36,"column":0},"end":{"line":41,"column":2}}},"fnMap":{"0":{"name":"(anonymous_0)","decl":{"start":{"line":7,"column":25},"end":{"line":7,"column":26}},"loc":{"start":{"line":16,"column":2},"end":{"line":23,"column":14}},"line":16},"1":{"name":"(anonymous_1)","decl":{"start":{"line":16,"column":62},"end":{"line":16,"column":63}},"loc":{"start":{"line":16,"column":68},"end":{"line":16,"column":77}},"line":16},"2":{"name":"(anonymous_2)","decl":{"start":{"line":38,"column":11},"end":{"line":38,"column":12}},"loc":{"start":{"line":38,"column":17},"end":{"line":38,"column":19}},"line":38}},"branchMap":{"0":{"loc":{"start":{"line":19,"column":14},"end":{"line":19,"column":58}},"type":"cond-expr","locations":[{"start":{"line":19,"column":25},"end":{"line":19,"column":44}},{"start":{"line":19,"column":47},"end":{"line":19,"column":58}}],"line":19}},"s":{"0":1,"1":0,"2":0,"3":1},"f":{"0":0,"1":0,"2":0},"b":{"0":[0,0]},"_coverageSchema":"1a1c01bbd47fc00a2c39e90264f33305004495a9","hash":"f1f5d65dabbefaf51fbd89259acb5af41e715695"}
,"/home/shashika/PROJECTS/find-one/src/components/ui/borderless-button/borderless-button.styles.ts": {"path":"/home/shashika/PROJECTS/find-one/src/components/ui/borderless-button/borderless-button.styles.ts","statementMap":{},"fnMap":{},"branchMap":{},"s":{},"f":{},"b":{},"_coverageSchema":"1a1c01bbd47fc00a2c39e90264f33305004495a9","hash":"5f4325cf2e48d30ef69654db515ac971b5f9c8eb"}
,"/home/shashika/PROJECTS/find-one/src/components/ui/button/button.component.tsx": {"path":"/home/shashika/PROJECTS/find-one/src/components/ui/button/button.component.tsx","statementMap":{"0":{"start":{"line":8,"column":15},"end":{"line":77,"column":1}},"1":{"start":{"line":23,"column":26},"end":{"line":37,"column":3}},"2":{"start":{"line":24,"column":4},"end":{"line":34,"column":5}},"3":{"start":{"line":25,"column":6},"end":{"line":33,"column":8}},"4":{"start":{"line":36,"column":4},"end":{"line":36,"column":16}},"5":{"start":{"line":39,"column":25},"end":{"line":53,"column":3}},"6":{"start":{"line":40,"column":4},"end":{"line":50,"column":5}},"7":{"start":{"line":41,"column":6},"end":{"line":49,"column":8}},"8":{"start":{"line":52,"column":4},"end":{"line":52,"column":16}},"9":{"start":{"line":55,"column":27},"end":{"line":59,"column":3}},"10":{"start":{"line":56,"column":4},"end":{"line":58,"column":11}},"11":{"start":{"line":61,"column":2},"end":{"line":76,"column":4}},"12":{"start":{"line":63,"column":21},"end":{"line":63,"column":30}},"13":{"start":{"line":94,"column":0},"end":{"line":100,"column":2}}},"fnMap":{"0":{"name":"(anonymous_0)","decl":{"start":{"line":8,"column":15},"end":{"line":8,"column":16}},"loc":{"start":{"line":22,"column":14},"end":{"line":77,"column":1}},"line":22},"1":{"name":"(anonymous_1)","decl":{"start":{"line":23,"column":26},"end":{"line":23,"column":27}},"loc":{"start":{"line":23,"column":32},"end":{"line":37,"column":3}},"line":23},"2":{"name":"(anonymous_2)","decl":{"start":{"line":39,"column":25},"end":{"line":39,"column":26}},"loc":{"start":{"line":39,"column":31},"end":{"line":53,"column":3}},"line":39},"3":{"name":"(anonymous_3)","decl":{"start":{"line":55,"column":27},"end":{"line":55,"column":28}},"loc":{"start":{"line":56,"column":4},"end":{"line":58,"column":11}},"line":56},"4":{"name":"(anonymous_4)","decl":{"start":{"line":63,"column":15},"end":{"line":63,"column":16}},"loc":{"start":{"line":63,"column":21},"end":{"line":63,"column":30}},"line":63}},"branchMap":{"0":{"loc":{"start":{"line":24,"column":4},"end":{"line":34,"column":5}},"type":"if","locations":[{"start":{"line":24,"column":4},"end":{"line":34,"column":5}},{"start":{"line":24,"column":4},"end":{"line":34,"column":5}}],"line":24},"1":{"loc":{"start":{"line":40,"column":4},"end":{"line":50,"column":5}},"type":"if","locations":[{"start":{"line":40,"column":4},"end":{"line":50,"column":5}},{"start":{"line":40,"column":4},"end":{"line":50,"column":5}}],"line":40},"2":{"loc":{"start":{"line":67,"column":8},"end":{"line":67,"column":51}},"type":"cond-expr","locations":[{"start":{"line":67,"column":19},"end":{"line":67,"column":34}},{"start":{"line":67,"column":37},"end":{"line":67,"column":51}}],"line":67},"3":{"loc":{"start":{"line":68,"column":8},"end":{"line":68,"column":62}},"type":"cond-expr","locations":[{"start":{"line":68,"column":22},"end":{"line":68,"column":40}},{"start":{"line":68,"column":43},"end":{"line":68,"column":62}}],"line":68}},"s":{"0":1,"1":0,"2":0,"3":0,"4":0,"5":0,"6":0,"7":0,"8":0,"9":0,"10":0,"11":0,"12":0,"13":1},"f":{"0":0,"1":0,"2":0,"3":0,"4":0},"b":{"0":[0,0],"1":[0,0],"2":[0,0],"3":[0,0]},"_coverageSchema":"1a1c01bbd47fc00a2c39e90264f33305004495a9","hash":"e0d6457bace0e8d2e7cc0bad7977f7bec839ea0b"}
,"/home/shashika/PROJECTS/find-one/src/components/ui/button/button.styles.ts": {"path":"/home/shashika/PROJECTS/find-one/src/components/ui/button/button.styles.ts","statementMap":{},"fnMap":{},"branchMap":{},"s":{},"f":{},"b":{},"_coverageSchema":"1a1c01bbd47fc00a2c39e90264f33305004495a9","hash":"956ba112b957d1137994a24ca4ec27e177412fda"}
,"/home/shashika/PROJECTS/find-one/src/components/ui/clickable-icon/clickable-icon.component.tsx": {"path":"/home/shashika/PROJECTS/find-one/src/components/ui/clickable-icon/clickable-icon.component.tsx","statementMap":{"0":{"start":{"line":8,"column":13},"end":{"line":12,"column":1}},"1":{"start":{"line":9,"column":2},"end":{"line":11,"column":14}},"2":{"start":{"line":9,"column":79},"end":{"line":9,"column":88}},"3":{"start":{"line":23,"column":0},"end":{"line":27,"column":2}}},"fnMap":{"0":{"name":"(anonymous_0)","decl":{"start":{"line":8,"column":13},"end":{"line":8,"column":14}},"loc":{"start":{"line":9,"column":2},"end":{"line":11,"column":14}},"line":9},"1":{"name":"(anonymous_1)","decl":{"start":{"line":9,"column":73},"end":{"line":9,"column":74}},"loc":{"start":{"line":9,"column":79},"end":{"line":9,"column":88}},"line":9},"2":{"name":"(anonymous_2)","decl":{"start":{"line":26,"column":11},"end":{"line":26,"column":12}},"loc":{"start":{"line":26,"column":17},"end":{"line":26,"column":19}},"line":26}},"branchMap":{},"s":{"0":1,"1":0,"2":0,"3":1},"f":{"0":0,"1":0,"2":0},"b":{},"_coverageSchema":"1a1c01bbd47fc00a2c39e90264f33305004495a9","hash":"b8aff5f83e875b27940bae3e17680ee1a213a8bb"}
,"/home/shashika/PROJECTS/find-one/src/components/ui/clickable-icon/clickable-icon.styles.ts": {"path":"/home/shashika/PROJECTS/find-one/src/components/ui/clickable-icon/clickable-icon.styles.ts","statementMap":{},"fnMap":{},"branchMap":{},"s":{},"f":{},"b":{},"_coverageSchema":"1a1c01bbd47fc00a2c39e90264f33305004495a9","hash":"0c32f9f6c3a8fdd65eeba119b199d87875cee712"}
,"/home/shashika/PROJECTS/find-one/src/components/ui/custom-image/custom-image.component.tsx": {"path":"/home/shashika/PROJECTS/find-one/src/components/ui/custom-image/custom-image.component.tsx","statementMap":{"0":{"start":{"line":7,"column":13},"end":{"line":28,"column":1}},"1":{"start":{"line":18,"column":2},"end":{"line":27,"column":14}},"2":{"start":{"line":21,"column":19},"end":{"line":21,"column":28}},"3":{"start":{"line":45,"column":0},"end":{"line":54,"column":2}}},"fnMap":{"0":{"name":"(anonymous_0)","decl":{"start":{"line":7,"column":13},"end":{"line":7,"column":14}},"loc":{"start":{"line":18,"column":2},"end":{"line":27,"column":14}},"line":18},"1":{"name":"(anonymous_1)","decl":{"start":{"line":21,"column":13},"end":{"line":21,"column":14}},"loc":{"start":{"line":21,"column":19},"end":{"line":21,"column":28}},"line":21},"2":{"name":"(anonymous_2)","decl":{"start":{"line":53,"column":11},"end":{"line":53,"column":12}},"loc":{"start":{"line":53,"column":17},"end":{"line":53,"column":19}},"line":53}},"branchMap":{},"s":{"0":1,"1":0,"2":0,"3":1},"f":{"0":0,"1":0,"2":0},"b":{},"_coverageSchema":"1a1c01bbd47fc00a2c39e90264f33305004495a9","hash":"bcd9ce27776f669c8e9675bbdfd0c6cf62a752fa"}
,"/home/shashika/PROJECTS/find-one/src/components/ui/divider/divider.component.tsx": {"path":"/home/shashika/PROJECTS/find-one/src/components/ui/divider/divider.component.tsx","statementMap":{"0":{"start":{"line":6,"column":16},"end":{"line":8,"column":1}},"1":{"start":{"line":7,"column":2},"end":{"line":7,"column":70}},"2":{"start":{"line":10,"column":0},"end":{"line":14,"column":2}}},"fnMap":{"0":{"name":"(anonymous_0)","decl":{"start":{"line":6,"column":16},"end":{"line":6,"column":17}},"loc":{"start":{"line":7,"column":2},"end":{"line":7,"column":70}},"line":7}},"branchMap":{},"s":{"0":2,"1":1,"2":2},"f":{"0":1},"b":{},"_coverageSchema":"1a1c01bbd47fc00a2c39e90264f33305004495a9","hash":"cc4e5444f611a142f098c0be9004c88d074350e6"}
,"/home/shashika/PROJECTS/find-one/src/components/ui/image-picker/image-picker.component.tsx": {"path":"/home/shashika/PROJECTS/find-one/src/components/ui/image-picker/image-picker.component.tsx","statementMap":{"0":{"start":{"line":15,"column":20},"end":{"line":109,"column":1}},"1":{"start":{"line":27,"column":2},"end":{"line":30,"column":9}},"2":{"start":{"line":28,"column":4},"end":{"line":28,"column":52}},"3":{"start":{"line":29,"column":4},"end":{"line":29,"column":24}},"4":{"start":{"line":32,"column":24},"end":{"line":37,"column":3}},"5":{"start":{"line":39,"column":28},"end":{"line":41,"column":3}},"6":{"start":{"line":40,"column":4},"end":{"line":40,"column":36}},"7":{"start":{"line":43,"column":23},"end":{"line":45,"column":3}},"8":{"start":{"line":44,"column":4},"end":{"line":44,"column":18}},"9":{"start":{"line":47,"column":20},"end":{"line":54,"column":3}},"10":{"start":{"line":48,"column":4},"end":{"line":53,"column":7}},"11":{"start":{"line":56,"column":22},"end":{"line":63,"column":3}},"12":{"start":{"line":57,"column":4},"end":{"line":62,"column":7}},"13":{"start":{"line":65,"column":25},"end":{"line":90,"column":3}},"14":{"start":{"line":66,"column":4},"end":{"line":75,"column":5}},"15":{"start":{"line":67,"column":6},"end":{"line":74,"column":8}},"16":{"start":{"line":77,"column":4},"end":{"line":89,"column":6}},"17":{"start":{"line":92,"column":22},"end":{"line":102,"column":3}},"18":{"start":{"line":93,"column":4},"end":{"line":101,"column":22}},"19":{"start":{"line":94,"column":6},"end":{"line":100,"column":9}},"20":{"start":{"line":95,"column":8},"end":{"line":95,"column":39}},"21":{"start":{"line":95,"column":32},"end":{"line":95,"column":39}},"22":{"start":{"line":96,"column":8},"end":{"line":96,"column":35}},"23":{"start":{"line":96,"column":28},"end":{"line":96,"column":35}},"24":{"start":{"line":97,"column":8},"end":{"line":97,"column":56}},"25":{"start":{"line":97,"column":35},"end":{"line":97,"column":56}},"26":{"start":{"line":99,"column":8},"end":{"line":99,"column":28}},"27":{"start":{"line":104,"column":2},"end":{"line":108,"column":4}},"28":{"start":{"line":124,"column":0},"end":{"line":133,"column":2}}},"fnMap":{"0":{"name":"(anonymous_0)","decl":{"start":{"line":15,"column":20},"end":{"line":15,"column":21}},"loc":{"start":{"line":26,"column":14},"end":{"line":109,"column":1}},"line":26},"1":{"name":"(anonymous_1)","decl":{"start":{"line":27,"column":12},"end":{"line":27,"column":13}},"loc":{"start":{"line":27,"column":18},"end":{"line":30,"column":3}},"line":27},"2":{"name":"(anonymous_2)","decl":{"start":{"line":39,"column":28},"end":{"line":39,"column":29}},"loc":{"start":{"line":39,"column":40},"end":{"line":41,"column":3}},"line":39},"3":{"name":"(anonymous_3)","decl":{"start":{"line":43,"column":23},"end":{"line":43,"column":24}},"loc":{"start":{"line":43,"column":29},"end":{"line":45,"column":3}},"line":43},"4":{"name":"(anonymous_4)","decl":{"start":{"line":47,"column":20},"end":{"line":47,"column":21}},"loc":{"start":{"line":47,"column":55},"end":{"line":54,"column":3}},"line":47},"5":{"name":"(anonymous_5)","decl":{"start":{"line":56,"column":22},"end":{"line":56,"column":23}},"loc":{"start":{"line":56,"column":28},"end":{"line":63,"column":3}},"line":56},"6":{"name":"(anonymous_6)","decl":{"start":{"line":65,"column":25},"end":{"line":65,"column":26}},"loc":{"start":{"line":65,"column":31},"end":{"line":90,"column":3}},"line":65},"7":{"name":"(anonymous_7)","decl":{"start":{"line":92,"column":22},"end":{"line":92,"column":23}},"loc":{"start":{"line":92,"column":34},"end":{"line":102,"column":3}},"line":92},"8":{"name":"(anonymous_8)","decl":{"start":{"line":94,"column":51},"end":{"line":94,"column":52}},"loc":{"start":{"line":94,"column":70},"end":{"line":100,"column":7}},"line":94},"9":{"name":"(anonymous_9)","decl":{"start":{"line":131,"column":11},"end":{"line":131,"column":12}},"loc":{"start":{"line":131,"column":17},"end":{"line":131,"column":19}},"line":131}},"branchMap":{"0":{"loc":{"start":{"line":36,"column":19},"end":{"line":36,"column":95}},"type":"cond-expr","locations":[{"start":{"line":36,"column":32},"end":{"line":36,"column":90}},{"start":{"line":36,"column":93},"end":{"line":36,"column":95}}],"line":36},"1":{"loc":{"start":{"line":66,"column":4},"end":{"line":75,"column":5}},"type":"if","locations":[{"start":{"line":66,"column":4},"end":{"line":75,"column":5}},{"start":{"line":66,"column":4},"end":{"line":75,"column":5}}],"line":66},"2":{"loc":{"start":{"line":95,"column":8},"end":{"line":95,"column":39}},"type":"if","locations":[{"start":{"line":95,"column":8},"end":{"line":95,"column":39}},{"start":{"line":95,"column":8},"end":{"line":95,"column":39}}],"line":95},"3":{"loc":{"start":{"line":96,"column":8},"end":{"line":96,"column":35}},"type":"if","locations":[{"start":{"line":96,"column":8},"end":{"line":96,"column":35}},{"start":{"line":96,"column":8},"end":{"line":96,"column":35}}],"line":96},"4":{"loc":{"start":{"line":97,"column":8},"end":{"line":97,"column":56}},"type":"if","locations":[{"start":{"line":97,"column":8},"end":{"line":97,"column":56}},{"start":{"line":97,"column":8},"end":{"line":97,"column":56}}],"line":97}},"s":{"0":1,"1":0,"2":0,"3":0,"4":0,"5":0,"6":0,"7":0,"8":0,"9":0,"10":0,"11":0,"12":0,"13":0,"14":0,"15":0,"16":0,"17":0,"18":0,"19":0,"20":0,"21":0,"22":0,"23":0,"24":0,"25":0,"26":0,"27":0,"28":1},"f":{"0":0,"1":0,"2":0,"3":0,"4":0,"5":0,"6":0,"7":0,"8":0,"9":0},"b":{"0":[0,0],"1":[0,0],"2":[0,0],"3":[0,0],"4":[0,0]},"_coverageSchema":"1a1c01bbd47fc00a2c39e90264f33305004495a9","hash":"802838cf9e954c33defec631d9ca896e7670ef63"}
,"/home/shashika/PROJECTS/find-one/src/components/ui/image-picker/image-picker.container.ts": {"path":"/home/shashika/PROJECTS/find-one/src/components/ui/image-picker/image-picker.container.ts","statementMap":{"0":{"start":{"line":7,"column":24},"end":{"line":10,"column":2}},"1":{"start":{"line":7,"column":66},"end":{"line":10,"column":1}}},"fnMap":{"0":{"name":"(anonymous_0)","decl":{"start":{"line":7,"column":24},"end":{"line":7,"column":25}},"loc":{"start":{"line":7,"column":66},"end":{"line":10,"column":1}},"line":7}},"branchMap":{"0":{"loc":{"start":{"line":8,"column":14},"end":{"line":8,"column":57}},"type":"cond-expr","locations":[{"start":{"line":8,"column":28},"end":{"line":8,"column":52}},{"start":{"line":8,"column":55},"end":{"line":8,"column":57}}],"line":8},"1":{"loc":{"start":{"line":9,"column":15},"end":{"line":9,"column":58}},"type":"cond-expr","locations":[{"start":{"line":9,"column":29},"end":{"line":9,"column":53}},{"start":{"line":9,"column":56},"end":{"line":9,"column":58}}],"line":9}},"s":{"0":1,"1":0},"f":{"0":0},"b":{"0":[0,0],"1":[0,0]},"_coverageSchema":"1a1c01bbd47fc00a2c39e90264f33305004495a9","hash":"19b008882c0681b4b88da63ad631150484ec6a9f"}
,"/home/shashika/PROJECTS/find-one/src/components/ui/image-picker/image-picker.styles.ts": {"path":"/home/shashika/PROJECTS/find-one/src/components/ui/image-picker/image-picker.styles.ts","statementMap":{},"fnMap":{},"branchMap":{},"s":{},"f":{},"b":{},"_coverageSchema":"1a1c01bbd47fc00a2c39e90264f33305004495a9","hash":"2292c68dd55535a063039ee5678fb2753df0836d"}
,"/home/shashika/PROJECTS/find-one/src/components/ui/input-text/input-text.component.tsx": {"path":"/home/shashika/PROJECTS/find-one/src/components/ui/input-text/input-text.component.tsx","statementMap":{"0":{"start":{"line":11,"column":18},"end":{"line":197,"column":1}},"1":{"start":{"line":36,"column":30},"end":{"line":36,"column":45}},"2":{"start":{"line":37,"column":40},"end":{"line":37,"column":54}},"3":{"start":{"line":38,"column":32},"end":{"line":38,"column":47}},"4":{"start":{"line":40,"column":19},"end":{"line":46,"column":3}},"5":{"start":{"line":41,"column":4},"end":{"line":41,"column":22}},"6":{"start":{"line":41,"column":15},"end":{"line":41,"column":22}},"7":{"start":{"line":42,"column":4},"end":{"line":42,"column":24}},"8":{"start":{"line":42,"column":17},"end":{"line":42,"column":24}},"9":{"start":{"line":44,"column":4},"end":{"line":44,"column":48}},"10":{"start":{"line":45,"column":4},"end":{"line":45,"column":21}},"11":{"start":{"line":48,"column":27},"end":{"line":60,"column":3}},"12":{"start":{"line":49,"column":19},"end":{"line":49,"column":46}},"13":{"start":{"line":51,"column":4},"end":{"line":51,"column":41}},"14":{"start":{"line":51,"column":22},"end":{"line":51,"column":41}},"15":{"start":{"line":53,"column":4},"end":{"line":59,"column":7}},"16":{"start":{"line":62,"column":22},"end":{"line":65,"column":3}},"17":{"start":{"line":63,"column":4},"end":{"line":63,"column":27}},"18":{"start":{"line":63,"column":17},"end":{"line":63,"column":27}},"19":{"start":{"line":64,"column":4},"end":{"line":64,"column":19}},"20":{"start":{"line":67,"column":21},"end":{"line":70,"column":3}},"21":{"start":{"line":68,"column":4},"end":{"line":68,"column":25}},"22":{"start":{"line":68,"column":16},"end":{"line":68,"column":25}},"23":{"start":{"line":69,"column":4},"end":{"line":69,"column":20}},"24":{"start":{"line":72,"column":23},"end":{"line":78,"column":3}},"25":{"start":{"line":73,"column":4},"end":{"line":75,"column":5}},"26":{"start":{"line":74,"column":6},"end":{"line":74,"column":96}},"27":{"start":{"line":77,"column":4},"end":{"line":77,"column":16}},"28":{"start":{"line":80,"column":22},"end":{"line":86,"column":3}},"29":{"start":{"line":81,"column":44},"end":{"line":81,"column":60}},"30":{"start":{"line":82,"column":4},"end":{"line":82,"column":53}},"31":{"start":{"line":82,"column":20},"end":{"line":82,"column":53}},"32":{"start":{"line":84,"column":4},"end":{"line":84,"column":79}},"33":{"start":{"line":84,"column":15},"end":{"line":84,"column":79}},"34":{"start":{"line":85,"column":4},"end":{"line":85,"column":56}},"35":{"start":{"line":88,"column":20},"end":{"line":88,"column":57}},"36":{"start":{"line":88,"column":26},"end":{"line":88,"column":57}},"37":{"start":{"line":90,"column":28},"end":{"line":90,"column":73}},"38":{"start":{"line":90,"column":34},"end":{"line":90,"column":73}},"39":{"start":{"line":90,"column":62},"end":{"line":90,"column":72}},"40":{"start":{"line":92,"column":22},"end":{"line":111,"column":3}},"41":{"start":{"line":93,"column":4},"end":{"line":104,"column":5}},"42":{"start":{"line":94,"column":6},"end":{"line":103,"column":8}},"43":{"start":{"line":106,"column":4},"end":{"line":110,"column":6}},"44":{"start":{"line":113,"column":31},"end":{"line":125,"column":3}},"45":{"start":{"line":114,"column":4},"end":{"line":122,"column":5}},"46":{"start":{"line":115,"column":6},"end":{"line":121,"column":8}},"47":{"start":{"line":124,"column":4},"end":{"line":124,"column":16}},"48":{"start":{"line":127,"column":20},"end":{"line":137,"column":3}},"49":{"start":{"line":128,"column":19},"end":{"line":128,"column":44}},"50":{"start":{"line":130,"column":4},"end":{"line":136,"column":7}},"51":{"start":{"line":139,"column":26},"end":{"line":153,"column":3}},"52":{"start":{"line":140,"column":4},"end":{"line":150,"column":5}},"53":{"start":{"line":141,"column":6},"end":{"line":149,"column":8}},"54":{"start":{"line":152,"column":4},"end":{"line":152,"column":16}},"55":{"start":{"line":155,"column":26},"end":{"line":169,"column":3}},"56":{"start":{"line":156,"column":4},"end":{"line":166,"column":5}},"57":{"start":{"line":157,"column":6},"end":{"line":165,"column":8}},"58":{"start":{"line":168,"column":4},"end":{"line":168,"column":16}},"59":{"start":{"line":171,"column":2},"end":{"line":196,"column":4}},"60":{"start":{"line":224,"column":0},"end":{"line":229,"column":2}}},"fnMap":{"0":{"name":"(anonymous_0)","decl":{"start":{"line":11,"column":18},"end":{"line":11,"column":19}},"loc":{"start":{"line":35,"column":14},"end":{"line":197,"column":1}},"line":35},"1":{"name":"(anonymous_1)","decl":{"start":{"line":40,"column":19},"end":{"line":40,"column":20}},"loc":{"start":{"line":40,"column":25},"end":{"line":46,"column":3}},"line":40},"2":{"name":"(anonymous_2)","decl":{"start":{"line":48,"column":27},"end":{"line":48,"column":28}},"loc":{"start":{"line":48,"column":45},"end":{"line":60,"column":3}},"line":48},"3":{"name":"(anonymous_3)","decl":{"start":{"line":62,"column":22},"end":{"line":62,"column":23}},"loc":{"start":{"line":62,"column":28},"end":{"line":65,"column":3}},"line":62},"4":{"name":"(anonymous_4)","decl":{"start":{"line":67,"column":21},"end":{"line":67,"column":22}},"loc":{"start":{"line":67,"column":27},"end":{"line":70,"column":3}},"line":67},"5":{"name":"(anonymous_5)","decl":{"start":{"line":72,"column":23},"end":{"line":72,"column":24}},"loc":{"start":{"line":72,"column":29},"end":{"line":78,"column":3}},"line":72},"6":{"name":"(anonymous_6)","decl":{"start":{"line":80,"column":22},"end":{"line":80,"column":23}},"loc":{"start":{"line":80,"column":28},"end":{"line":86,"column":3}},"line":80},"7":{"name":"(anonymous_7)","decl":{"start":{"line":88,"column":20},"end":{"line":88,"column":21}},"loc":{"start":{"line":88,"column":26},"end":{"line":88,"column":57}},"line":88},"8":{"name":"(anonymous_8)","decl":{"start":{"line":90,"column":28},"end":{"line":90,"column":29}},"loc":{"start":{"line":90,"column":34},"end":{"line":90,"column":73}},"line":90},"9":{"name":"(anonymous_9)","decl":{"start":{"line":90,"column":49},"end":{"line":90,"column":50}},"loc":{"start":{"line":90,"column":62},"end":{"line":90,"column":72}},"line":90},"10":{"name":"(anonymous_10)","decl":{"start":{"line":92,"column":22},"end":{"line":92,"column":23}},"loc":{"start":{"line":92,"column":28},"end":{"line":111,"column":3}},"line":92},"11":{"name":"(anonymous_11)","decl":{"start":{"line":113,"column":31},"end":{"line":113,"column":32}},"loc":{"start":{"line":113,"column":37},"end":{"line":125,"column":3}},"line":113},"12":{"name":"(anonymous_12)","decl":{"start":{"line":127,"column":20},"end":{"line":127,"column":21}},"loc":{"start":{"line":127,"column":26},"end":{"line":137,"column":3}},"line":127},"13":{"name":"(anonymous_13)","decl":{"start":{"line":139,"column":26},"end":{"line":139,"column":27}},"loc":{"start":{"line":139,"column":32},"end":{"line":153,"column":3}},"line":139},"14":{"name":"(anonymous_14)","decl":{"start":{"line":155,"column":26},"end":{"line":155,"column":27}},"loc":{"start":{"line":155,"column":32},"end":{"line":169,"column":3}},"line":155}},"branchMap":{"0":{"loc":{"start":{"line":41,"column":4},"end":{"line":41,"column":22}},"type":"if","locations":[{"start":{"line":41,"column":4},"end":{"line":41,"column":22}},{"start":{"line":41,"column":4},"end":{"line":41,"column":22}}],"line":41},"1":{"loc":{"start":{"line":42,"column":4},"end":{"line":42,"column":24}},"type":"if","locations":[{"start":{"line":42,"column":4},"end":{"line":42,"column":24}},{"start":{"line":42,"column":4},"end":{"line":42,"column":24}}],"line":42},"2":{"loc":{"start":{"line":51,"column":4},"end":{"line":51,"column":41}},"type":"if","locations":[{"start":{"line":51,"column":4},"end":{"line":51,"column":41}},{"start":{"line":51,"column":4},"end":{"line":51,"column":41}}],"line":51},"3":{"loc":{"start":{"line":63,"column":4},"end":{"line":63,"column":27}},"type":"if","locations":[{"start":{"line":63,"column":4},"end":{"line":63,"column":27}},{"start":{"line":63,"column":4},"end":{"line":63,"column":27}}],"line":63},"4":{"loc":{"start":{"line":68,"column":4},"end":{"line":68,"column":25}},"type":"if","locations":[{"start":{"line":68,"column":4},"end":{"line":68,"column":25}},{"start":{"line":68,"column":4},"end":{"line":68,"column":25}}],"line":68},"5":{"loc":{"start":{"line":73,"column":4},"end":{"line":75,"column":5}},"type":"if","locations":[{"start":{"line":73,"column":4},"end":{"line":75,"column":5}},{"start":{"line":73,"column":4},"end":{"line":75,"column":5}}],"line":73},"6":{"loc":{"start":{"line":82,"column":4},"end":{"line":82,"column":53}},"type":"if","locations":[{"start":{"line":82,"column":4},"end":{"line":82,"column":53}},{"start":{"line":82,"column":4},"end":{"line":82,"column":53}}],"line":82},"7":{"loc":{"start":{"line":84,"column":4},"end":{"line":84,"column":79}},"type":"if","locations":[{"start":{"line":84,"column":4},"end":{"line":84,"column":79}},{"start":{"line":84,"column":4},"end":{"line":84,"column":79}}],"line":84},"8":{"loc":{"start":{"line":93,"column":4},"end":{"line":104,"column":5}},"type":"if","locations":[{"start":{"line":93,"column":4},"end":{"line":104,"column":5}},{"start":{"line":93,"column":4},"end":{"line":104,"column":5}}],"line":93},"9":{"loc":{"start":{"line":93,"column":8},"end":{"line":93,"column":45}},"type":"binary-expr","locations":[{"start":{"line":93,"column":8},"end":{"line":93,"column":19}},{"start":{"line":93,"column":23},"end":{"line":93,"column":45}}],"line":93},"10":{"loc":{"start":{"line":114,"column":4},"end":{"line":122,"column":5}},"type":"if","locations":[{"start":{"line":114,"column":4},"end":{"line":122,"column":5}},{"start":{"line":114,"column":4},"end":{"line":122,"column":5}}],"line":114},"11":{"loc":{"start":{"line":117,"column":16},"end":{"line":117,"column":45}},"type":"cond-expr","locations":[{"start":{"line":117,"column":30},"end":{"line":117,"column":36}},{"start":{"line":117,"column":39},"end":{"line":117,"column":45}}],"line":117},"12":{"loc":{"start":{"line":134,"column":26},"end":{"line":134,"column":38}},"type":"binary-expr","locations":[{"start":{"line":134,"column":26},"end":{"line":134,"column":32}},{"start":{"line":134,"column":36},"end":{"line":134,"column":38}}],"line":134},"13":{"loc":{"start":{"line":140,"column":4},"end":{"line":150,"column":5}},"type":"if","locations":[{"start":{"line":140,"column":4},"end":{"line":150,"column":5}},{"start":{"line":140,"column":4},"end":{"line":150,"column":5}}],"line":140},"14":{"loc":{"start":{"line":156,"column":4},"end":{"line":166,"column":5}},"type":"if","locations":[{"start":{"line":156,"column":4},"end":{"line":166,"column":5}},{"start":{"line":156,"column":4},"end":{"line":166,"column":5}}],"line":156},"15":{"loc":{"start":{"line":156,"column":8},"end":{"line":156,"column":29}},"type":"binary-expr","locations":[{"start":{"line":156,"column":8},"end":{"line":156,"column":15}},{"start":{"line":156,"column":19},"end":{"line":156,"column":29}}],"line":156},"16":{"loc":{"start":{"line":180,"column":17},"end":{"line":180,"column":36}},"type":"binary-expr","locations":[{"start":{"line":180,"column":17},"end":{"line":180,"column":22}},{"start":{"line":180,"column":26},"end":{"line":180,"column":36}}],"line":180},"17":{"loc":{"start":{"line":182,"column":27},"end":{"line":182,"column":64}},"type":"cond-expr","locations":[{"start":{"line":182,"column":45},"end":{"line":182,"column":56}},{"start":{"line":182,"column":59},"end":{"line":182,"column":64}}],"line":182}},"s":{"0":1,"1":0,"2":0,"3":0,"4":0,"5":0,"6":0,"7":0,"8":0,"9":0,"10":0,"11":0,"12":0,"13":0,"14":0,"15":0,"16":0,"17":0,"18":0,"19":0,"20":0,"21":0,"22":0,"23":0,"24":0,"25":0,"26":0,"27":0,"28":0,"29":0,"30":0,"31":0,"32":0,"33":0,"34":0,"35":0,"36":0,"37":0,"38":0,"39":0,"40":0,"41":0,"42":0,"43":0,"44":0,"45":0,"46":0,"47":0,"48":0,"49":0,"50":0,"51":0,"52":0,"53":0,"54":0,"55":0,"56":0,"57":0,"58":0,"59":0,"60":1},"f":{"0":0,"1":0,"2":0,"3":0,"4":0,"5":0,"6":0,"7":0,"8":0,"9":0,"10":0,"11":0,"12":0,"13":0,"14":0},"b":{"0":[0,0],"1":[0,0],"2":[0,0],"3":[0,0],"4":[0,0],"5":[0,0],"6":[0,0],"7":[0,0],"8":[0,0],"9":[0,0],"10":[0,0],"11":[0,0],"12":[0,0],"13":[0,0],"14":[0,0],"15":[0,0],"16":[0,0],"17":[0,0]},"_coverageSchema":"1a1c01bbd47fc00a2c39e90264f33305004495a9","hash":"c798c7780fb68dba98b0f13107f44b28bdea6256"}
,"/home/shashika/PROJECTS/find-one/src/components/ui/input-text/input-text.container.ts": {"path":"/home/shashika/PROJECTS/find-one/src/components/ui/input-text/input-text.container.ts","statementMap":{"0":{"start":{"line":7,"column":24},"end":{"line":10,"column":2}},"1":{"start":{"line":7,"column":66},"end":{"line":10,"column":1}}},"fnMap":{"0":{"name":"(anonymous_0)","decl":{"start":{"line":7,"column":24},"end":{"line":7,"column":25}},"loc":{"start":{"line":7,"column":66},"end":{"line":10,"column":1}},"line":7}},"branchMap":{"0":{"loc":{"start":{"line":8,"column":14},"end":{"line":8,"column":57}},"type":"cond-expr","locations":[{"start":{"line":8,"column":28},"end":{"line":8,"column":52}},{"start":{"line":8,"column":55},"end":{"line":8,"column":57}}],"line":8},"1":{"loc":{"start":{"line":9,"column":15},"end":{"line":9,"column":58}},"type":"cond-expr","locations":[{"start":{"line":9,"column":29},"end":{"line":9,"column":53}},{"start":{"line":9,"column":56},"end":{"line":9,"column":58}}],"line":9}},"s":{"0":1,"1":0},"f":{"0":0},"b":{"0":[0,0],"1":[0,0]},"_coverageSchema":"1a1c01bbd47fc00a2c39e90264f33305004495a9","hash":"c0e8dc35aa71653645647508aa7db1f7e0b5aa6a"}
,"/home/shashika/PROJECTS/find-one/src/components/ui/input-text/input-text.styles.ts": {"path":"/home/shashika/PROJECTS/find-one/src/components/ui/input-text/input-text.styles.ts","statementMap":{},"fnMap":{},"branchMap":{},"s":{},"f":{},"b":{},"_coverageSchema":"1a1c01bbd47fc00a2c39e90264f33305004495a9","hash":"71bbf934d83bcbbabc237ddf0f5370e2d6f9fa13"}
,"/home/shashika/PROJECTS/find-one/src/components/ui/label/label.component.tsx": {"path":"/home/shashika/PROJECTS/find-one/src/components/ui/label/label.component.tsx","statementMap":{"0":{"start":{"line":7,"column":14},"end":{"line":20,"column":1}},"1":{"start":{"line":8,"column":2},"end":{"line":19,"column":4}},"2":{"start":{"line":22,"column":0},"end":{"line":27,"column":2}}},"fnMap":{"0":{"name":"(anonymous_0)","decl":{"start":{"line":7,"column":14},"end":{"line":7,"column":15}},"loc":{"start":{"line":7,"column":75},"end":{"line":20,"column":1}},"line":7}},"branchMap":{"0":{"loc":{"start":{"line":14,"column":30},"end":{"line":14,"column":62}},"type":"cond-expr","locations":[{"start":{"line":14,"column":42},"end":{"line":14,"column":53}},{"start":{"line":14,"column":56},"end":{"line":14,"column":62}}],"line":14}},"s":{"0":1,"1":0,"2":1},"f":{"0":0},"b":{"0":[0,0]},"_coverageSchema":"1a1c01bbd47fc00a2c39e90264f33305004495a9","hash":"a1b808590793bc8c3e5367d9f2408ce9d340e040"}
,"/home/shashika/PROJECTS/find-one/src/components/ui/list-item/list-item.component.tsx": {"path":"/home/shashika/PROJECTS/find-one/src/components/ui/list-item/list-item.component.tsx","statementMap":{"0":{"start":{"line":9,"column":17},"end":{"line":81,"column":1}},"1":{"start":{"line":26,"column":17},"end":{"line":26,"column":71}},"2":{"start":{"line":27,"column":22},"end":{"line":27,"column":40}},"3":{"start":{"line":29,"column":29},"end":{"line":37,"column":3}},"4":{"start":{"line":30,"column":4},"end":{"line":32,"column":5}},"5":{"start":{"line":31,"column":6},"end":{"line":31,"column":90}},"6":{"start":{"line":34,"column":4},"end":{"line":34,"column":40}},"7":{"start":{"line":34,"column":21},"end":{"line":34,"column":40}},"8":{"start":{"line":36,"column":4},"end":{"line":36,"column":16}},"9":{"start":{"line":39,"column":29},"end":{"line":47,"column":3}},"10":{"start":{"line":40,"column":4},"end":{"line":42,"column":5}},"11":{"start":{"line":41,"column":6},"end":{"line":41,"column":90}},"12":{"start":{"line":44,"column":4},"end":{"line":44,"column":40}},"13":{"start":{"line":44,"column":21},"end":{"line":44,"column":40}},"14":{"start":{"line":46,"column":4},"end":{"line":46,"column":16}},"15":{"start":{"line":49,"column":30},"end":{"line":57,"column":3}},"16":{"start":{"line":50,"column":4},"end":{"line":52,"column":5}},"17":{"start":{"line":51,"column":6},"end":{"line":51,"column":93}},"18":{"start":{"line":54,"column":4},"end":{"line":54,"column":42}},"19":{"start":{"line":54,"column":22},"end":{"line":54,"column":42}},"20":{"start":{"line":56,"column":4},"end":{"line":56,"column":16}},"21":{"start":{"line":59,"column":28},"end":{"line":67,"column":3}},"22":{"start":{"line":60,"column":4},"end":{"line":62,"column":5}},"23":{"start":{"line":61,"column":6},"end":{"line":61,"column":87}},"24":{"start":{"line":64,"column":4},"end":{"line":64,"column":38}},"25":{"start":{"line":64,"column":20},"end":{"line":64,"column":38}},"26":{"start":{"line":66,"column":4},"end":{"line":66,"column":16}},"27":{"start":{"line":69,"column":2},"end":{"line":80,"column":4}},"28":{"start":{"line":72,"column":21},"end":{"line":72,"column":39}},"29":{"start":{"line":101,"column":0},"end":{"line":112,"column":2}}},"fnMap":{"0":{"name":"(anonymous_0)","decl":{"start":{"line":9,"column":17},"end":{"line":9,"column":18}},"loc":{"start":{"line":25,"column":14},"end":{"line":81,"column":1}},"line":25},"1":{"name":"(anonymous_1)","decl":{"start":{"line":29,"column":29},"end":{"line":29,"column":30}},"loc":{"start":{"line":29,"column":35},"end":{"line":37,"column":3}},"line":29},"2":{"name":"(anonymous_2)","decl":{"start":{"line":39,"column":29},"end":{"line":39,"column":30}},"loc":{"start":{"line":39,"column":35},"end":{"line":47,"column":3}},"line":39},"3":{"name":"(anonymous_3)","decl":{"start":{"line":49,"column":30},"end":{"line":49,"column":31}},"loc":{"start":{"line":49,"column":36},"end":{"line":57,"column":3}},"line":49},"4":{"name":"(anonymous_4)","decl":{"start":{"line":59,"column":28},"end":{"line":59,"column":29}},"loc":{"start":{"line":59,"column":34},"end":{"line":67,"column":3}},"line":59},"5":{"name":"(anonymous_5)","decl":{"start":{"line":72,"column":15},"end":{"line":72,"column":16}},"loc":{"start":{"line":72,"column":21},"end":{"line":72,"column":39}},"line":72},"6":{"name":"(anonymous_6)","decl":{"start":{"line":107,"column":20},"end":{"line":107,"column":21}},"loc":{"start":{"line":107,"column":26},"end":{"line":107,"column":28}},"line":107},"7":{"name":"(anonymous_7)","decl":{"start":{"line":108,"column":22},"end":{"line":108,"column":23}},"loc":{"start":{"line":108,"column":28},"end":{"line":108,"column":30}},"line":108},"8":{"name":"(anonymous_8)","decl":{"start":{"line":109,"column":22},"end":{"line":109,"column":23}},"loc":{"start":{"line":109,"column":28},"end":{"line":109,"column":30}},"line":109},"9":{"name":"(anonymous_9)","decl":{"start":{"line":110,"column":23},"end":{"line":110,"column":24}},"loc":{"start":{"line":110,"column":29},"end":{"line":110,"column":31}},"line":110},"10":{"name":"(anonymous_10)","decl":{"start":{"line":111,"column":21},"end":{"line":111,"column":22}},"loc":{"start":{"line":111,"column":27},"end":{"line":111,"column":29}},"line":111}},"branchMap":{"0":{"loc":{"start":{"line":26,"column":17},"end":{"line":26,"column":71}},"type":"cond-expr","locations":[{"start":{"line":26,"column":30},"end":{"line":26,"column":49}},{"start":{"line":26,"column":52},"end":{"line":26,"column":71}}],"line":26},"1":{"loc":{"start":{"line":27,"column":22},"end":{"line":27,"column":40}},"type":"cond-expr","locations":[{"start":{"line":27,"column":35},"end":{"line":27,"column":36}},{"start":{"line":27,"column":39},"end":{"line":27,"column":40}}],"line":27},"2":{"loc":{"start":{"line":30,"column":4},"end":{"line":32,"column":5}},"type":"if","locations":[{"start":{"line":30,"column":4},"end":{"line":32,"column":5}},{"start":{"line":30,"column":4},"end":{"line":32,"column":5}}],"line":30},"3":{"loc":{"start":{"line":30,"column":8},"end":{"line":30,"column":54}},"type":"binary-expr","locations":[{"start":{"line":30,"column":8},"end":{"line":30,"column":19}},{"start":{"line":30,"column":23},"end":{"line":30,"column":54}}],"line":30},"4":{"loc":{"start":{"line":34,"column":4},"end":{"line":34,"column":40}},"type":"if","locations":[{"start":{"line":34,"column":4},"end":{"line":34,"column":40}},{"start":{"line":34,"column":4},"end":{"line":34,"column":40}}],"line":34},"5":{"loc":{"start":{"line":40,"column":4},"end":{"line":42,"column":5}},"type":"if","locations":[{"start":{"line":40,"column":4},"end":{"line":42,"column":5}},{"start":{"line":40,"column":4},"end":{"line":42,"column":5}}],"line":40},"6":{"loc":{"start":{"line":40,"column":8},"end":{"line":40,"column":54}},"type":"binary-expr","locations":[{"start":{"line":40,"column":8},"end":{"line":40,"column":19}},{"start":{"line":40,"column":23},"end":{"line":40,"column":54}}],"line":40},"7":{"loc":{"start":{"line":44,"column":4},"end":{"line":44,"column":40}},"type":"if","locations":[{"start":{"line":44,"column":4},"end":{"line":44,"column":40}},{"start":{"line":44,"column":4},"end":{"line":44,"column":40}}],"line":44},"8":{"loc":{"start":{"line":50,"column":4},"end":{"line":52,"column":5}},"type":"if","locations":[{"start":{"line":50,"column":4},"end":{"line":52,"column":5}},{"start":{"line":50,"column":4},"end":{"line":52,"column":5}}],"line":50},"9":{"loc":{"start":{"line":50,"column":8},"end":{"line":50,"column":56}},"type":"binary-expr","locations":[{"start":{"line":50,"column":8},"end":{"line":50,"column":20}},{"start":{"line":50,"column":24},"end":{"line":50,"column":56}}],"line":50},"10":{"loc":{"start":{"line":54,"column":4},"end":{"line":54,"column":42}},"type":"if","locations":[{"start":{"line":54,"column":4},"end":{"line":54,"column":42}},{"start":{"line":54,"column":4},"end":{"line":54,"column":42}}],"line":54},"11":{"loc":{"start":{"line":60,"column":4},"end":{"line":62,"column":5}},"type":"if","locations":[{"start":{"line":60,"column":4},"end":{"line":62,"column":5}},{"start":{"line":60,"column":4},"end":{"line":62,"column":5}}],"line":60},"12":{"loc":{"start":{"line":60,"column":8},"end":{"line":60,"column":52}},"type":"binary-expr","locations":[{"start":{"line":60,"column":8},"end":{"line":60,"column":18}},{"start":{"line":60,"column":22},"end":{"line":60,"column":52}}],"line":60},"13":{"loc":{"start":{"line":64,"column":4},"end":{"line":64,"column":38}},"type":"if","locations":[{"start":{"line":64,"column":4},"end":{"line":64,"column":38}},{"start":{"line":64,"column":4},"end":{"line":64,"column":38}}],"line":64}},"s":{"0":1,"1":0,"2":0,"3":0,"4":0,"5":0,"6":0,"7":0,"8":0,"9":0,"10":0,"11":0,"12":0,"13":0,"14":0,"15":0,"16":0,"17":0,"18":0,"19":0,"20":0,"21":0,"22":0,"23":0,"24":0,"25":0,"26":0,"27":0,"28":0,"29":1},"f":{"0":0,"1":0,"2":0,"3":0,"4":0,"5":0,"6":0,"7":0,"8":0,"9":0,"10":0},"b":{"0":[0,0],"1":[0,0],"2":[0,0],"3":[0,0],"4":[0,0],"5":[0,0],"6":[0,0],"7":[0,0],"8":[0,0],"9":[0,0],"10":[0,0],"11":[0,0],"12":[0,0],"13":[0,0]},"_coverageSchema":"1a1c01bbd47fc00a2c39e90264f33305004495a9","hash":"8d1fa610da9237e48e7a7ec7e82625c733cc1346"}
,"/home/shashika/PROJECTS/find-one/src/components/ui/list-item/list-item.styles.ts": {"path":"/home/shashika/PROJECTS/find-one/src/components/ui/list-item/list-item.styles.ts","statementMap":{},"fnMap":{},"branchMap":{},"s":{},"f":{},"b":{},"_coverageSchema":"1a1c01bbd47fc00a2c39e90264f33305004495a9","hash":"aa6cbe24014479c874c193aaa3f230cbc38533e2"}
,"/home/shashika/PROJECTS/find-one/src/components/ui/radio-button/radio-button.component.tsx": {"path":"/home/shashika/PROJECTS/find-one/src/components/ui/radio-button/radio-button.component.tsx","statementMap":{"0":{"start":{"line":8,"column":20},"end":{"line":20,"column":1}},"1":{"start":{"line":9,"column":2},"end":{"line":19,"column":4}},"2":{"start":{"line":10,"column":73},"end":{"line":10,"column":97}},"3":{"start":{"line":30,"column":0},"end":{"line":33,"column":2}}},"fnMap":{"0":{"name":"(anonymous_0)","decl":{"start":{"line":8,"column":20},"end":{"line":8,"column":21}},"loc":{"start":{"line":8,"column":84},"end":{"line":20,"column":1}},"line":8},"1":{"name":"(anonymous_1)","decl":{"start":{"line":10,"column":67},"end":{"line":10,"column":68}},"loc":{"start":{"line":10,"column":73},"end":{"line":10,"column":97}},"line":10},"2":{"name":"(anonymous_2)","decl":{"start":{"line":32,"column":11},"end":{"line":32,"column":12}},"loc":{"start":{"line":32,"column":17},"end":{"line":32,"column":19}},"line":32}},"branchMap":{"0":{"loc":{"start":{"line":16,"column":21},"end":{"line":16,"column":50}},"type":"cond-expr","locations":[{"start":{"line":16,"column":31},"end":{"line":16,"column":45}},{"start":{"line":16,"column":48},"end":{"line":16,"column":50}}],"line":16}},"s":{"0":1,"1":0,"2":0,"3":1},"f":{"0":0,"1":0,"2":0},"b":{"0":[0,0]},"_coverageSchema":"1a1c01bbd47fc00a2c39e90264f33305004495a9","hash":"de879206a78a00eb86cd972c198f48aa70bc05ca"}
,"/home/shashika/PROJECTS/find-one/src/components/ui/radio-button/radio-button.styles.ts": {"path":"/home/shashika/PROJECTS/find-one/src/components/ui/radio-button/radio-button.styles.ts","statementMap":{},"fnMap":{},"branchMap":{},"s":{},"f":{},"b":{},"_coverageSchema":"1a1c01bbd47fc00a2c39e90264f33305004495a9","hash":"0bcc3749a6cddd590ecee1408fd984cb5cd9071d"}
,"/home/shashika/PROJECTS/find-one/src/components/ui/screen/screen.component.tsx": {"path":"/home/shashika/PROJECTS/find-one/src/components/ui/screen/screen.component.tsx","statementMap":{"0":{"start":{"line":12,"column":15},"end":{"line":146,"column":1}},"1":{"start":{"line":32,"column":21},"end":{"line":32,"column":36}},"2":{"start":{"line":33,"column":17},"end":{"line":33,"column":42}},"3":{"start":{"line":33,"column":23},"end":{"line":33,"column":42}},"4":{"start":{"line":35,"column":23},"end":{"line":55,"column":3}},"5":{"start":{"line":36,"column":17},"end":{"line":38,"column":12}},"6":{"start":{"line":40,"column":4},"end":{"line":52,"column":5}},"7":{"start":{"line":41,"column":6},"end":{"line":51,"column":8}},"8":{"start":{"line":54,"column":4},"end":{"line":54,"column":16}},"9":{"start":{"line":57,"column":28},"end":{"line":75,"column":3}},"10":{"start":{"line":58,"column":4},"end":{"line":64,"column":5}},"11":{"start":{"line":59,"column":6},"end":{"line":63,"column":8}},"12":{"start":{"line":60,"column":34},"end":{"line":60,"column":54}},"13":{"start":{"line":66,"column":4},"end":{"line":66,"column":40}},"14":{"start":{"line":66,"column":21},"end":{"line":66,"column":40}},"15":{"start":{"line":68,"column":4},"end":{"line":72,"column":5}},"16":{"start":{"line":69,"column":6},"end":{"line":71,"column":8}},"17":{"start":{"line":74,"column":4},"end":{"line":74,"column":20}},"18":{"start":{"line":77,"column":29},"end":{"line":89,"column":3}},"19":{"start":{"line":78,"column":4},"end":{"line":84,"column":5}},"20":{"start":{"line":79,"column":6},"end":{"line":83,"column":8}},"21":{"start":{"line":80,"column":34},"end":{"line":80,"column":55}},"22":{"start":{"line":86,"column":4},"end":{"line":86,"column":42}},"23":{"start":{"line":86,"column":22},"end":{"line":86,"column":42}},"24":{"start":{"line":88,"column":4},"end":{"line":88,"column":20}},"25":{"start":{"line":91,"column":22},"end":{"line":101,"column":3}},"26":{"start":{"line":92,"column":4},"end":{"line":100,"column":5}},"27":{"start":{"line":93,"column":6},"end":{"line":99,"column":8}},"28":{"start":{"line":103,"column":24},"end":{"line":122,"column":3}},"29":{"start":{"line":104,"column":4},"end":{"line":119,"column":5}},"30":{"start":{"line":105,"column":6},"end":{"line":118,"column":8}},"31":{"start":{"line":121,"column":4},"end":{"line":121,"column":91}},"32":{"start":{"line":124,"column":23},"end":{"line":130,"column":3}},"33":{"start":{"line":125,"column":4},"end":{"line":127,"column":5}},"34":{"start":{"line":126,"column":6},"end":{"line":126,"column":91}},"35":{"start":{"line":129,"column":4},"end":{"line":129,"column":16}},"36":{"start":{"line":132,"column":30},"end":{"line":138,"column":3}},"37":{"start":{"line":133,"column":4},"end":{"line":135,"column":5}},"38":{"start":{"line":134,"column":6},"end":{"line":134,"column":98}},"39":{"start":{"line":134,"column":76},"end":{"line":134,"column":93}},"40":{"start":{"line":137,"column":4},"end":{"line":137,"column":14}},"41":{"start":{"line":140,"column":2},"end":{"line":145,"column":4}},"42":{"start":{"line":170,"column":0},"end":{"line":180,"column":2}}},"fnMap":{"0":{"name":"(anonymous_0)","decl":{"start":{"line":12,"column":15},"end":{"line":12,"column":16}},"loc":{"start":{"line":31,"column":14},"end":{"line":146,"column":1}},"line":31},"1":{"name":"(anonymous_1)","decl":{"start":{"line":33,"column":17},"end":{"line":33,"column":18}},"loc":{"start":{"line":33,"column":23},"end":{"line":33,"column":42}},"line":33},"2":{"name":"(anonymous_2)","decl":{"start":{"line":35,"column":23},"end":{"line":35,"column":24}},"loc":{"start":{"line":35,"column":29},"end":{"line":55,"column":3}},"line":35},"3":{"name":"(anonymous_3)","decl":{"start":{"line":57,"column":28},"end":{"line":57,"column":29}},"loc":{"start":{"line":57,"column":34},"end":{"line":75,"column":3}},"line":57},"4":{"name":"(anonymous_4)","decl":{"start":{"line":60,"column":28},"end":{"line":60,"column":29}},"loc":{"start":{"line":60,"column":34},"end":{"line":60,"column":54}},"line":60},"5":{"name":"(anonymous_5)","decl":{"start":{"line":77,"column":29},"end":{"line":77,"column":30}},"loc":{"start":{"line":77,"column":35},"end":{"line":89,"column":3}},"line":77},"6":{"name":"(anonymous_6)","decl":{"start":{"line":80,"column":28},"end":{"line":80,"column":29}},"loc":{"start":{"line":80,"column":34},"end":{"line":80,"column":55}},"line":80},"7":{"name":"(anonymous_7)","decl":{"start":{"line":91,"column":22},"end":{"line":91,"column":23}},"loc":{"start":{"line":91,"column":28},"end":{"line":101,"column":3}},"line":91},"8":{"name":"(anonymous_8)","decl":{"start":{"line":103,"column":24},"end":{"line":103,"column":25}},"loc":{"start":{"line":103,"column":30},"end":{"line":122,"column":3}},"line":103},"9":{"name":"(anonymous_9)","decl":{"start":{"line":124,"column":23},"end":{"line":124,"column":24}},"loc":{"start":{"line":124,"column":29},"end":{"line":130,"column":3}},"line":124},"10":{"name":"(anonymous_10)","decl":{"start":{"line":132,"column":30},"end":{"line":132,"column":31}},"loc":{"start":{"line":132,"column":36},"end":{"line":138,"column":3}},"line":132},"11":{"name":"(anonymous_11)","decl":{"start":{"line":134,"column":70},"end":{"line":134,"column":71}},"loc":{"start":{"line":134,"column":76},"end":{"line":134,"column":93}},"line":134},"12":{"name":"(anonymous_12)","decl":{"start":{"line":176,"column":22},"end":{"line":176,"column":23}},"loc":{"start":{"line":176,"column":28},"end":{"line":176,"column":30}},"line":176},"13":{"name":"(anonymous_13)","decl":{"start":{"line":177,"column":23},"end":{"line":177,"column":24}},"loc":{"start":{"line":177,"column":29},"end":{"line":177,"column":31}},"line":177},"14":{"name":"(anonymous_14)","decl":{"start":{"line":178,"column":19},"end":{"line":178,"column":20}},"loc":{"start":{"line":178,"column":25},"end":{"line":178,"column":27}},"line":178},"15":{"name":"(anonymous_15)","decl":{"start":{"line":179,"column":10},"end":{"line":179,"column":11}},"loc":{"start":{"line":179,"column":16},"end":{"line":179,"column":18}},"line":179}},"branchMap":{"0":{"loc":{"start":{"line":36,"column":17},"end":{"line":38,"column":12}},"type":"cond-expr","locations":[{"start":{"line":37,"column":6},"end":{"line":37,"column":71}},{"start":{"line":38,"column":8},"end":{"line":38,"column":12}}],"line":36},"1":{"loc":{"start":{"line":40,"column":4},"end":{"line":52,"column":5}},"type":"if","locations":[{"start":{"line":40,"column":4},"end":{"line":52,"column":5}},{"start":{"line":40,"column":4},"end":{"line":52,"column":5}}],"line":40},"2":{"loc":{"start":{"line":58,"column":4},"end":{"line":64,"column":5}},"type":"if","locations":[{"start":{"line":58,"column":4},"end":{"line":64,"column":5}},{"start":{"line":58,"column":4},"end":{"line":64,"column":5}}],"line":58},"3":{"loc":{"start":{"line":58,"column":8},"end":{"line":58,"column":54}},"type":"binary-expr","locations":[{"start":{"line":58,"column":8},"end":{"line":58,"column":19}},{"start":{"line":58,"column":23},"end":{"line":58,"column":54}}],"line":58},"4":{"loc":{"start":{"line":66,"column":4},"end":{"line":66,"column":40}},"type":"if","locations":[{"start":{"line":66,"column":4},"end":{"line":66,"column":40}},{"start":{"line":66,"column":4},"end":{"line":66,"column":40}}],"line":66},"5":{"loc":{"start":{"line":68,"column":4},"end":{"line":72,"column":5}},"type":"if","locations":[{"start":{"line":68,"column":4},"end":{"line":72,"column":5}},{"start":{"line":68,"column":4},"end":{"line":72,"column":5}}],"line":68},"6":{"loc":{"start":{"line":78,"column":4},"end":{"line":84,"column":5}},"type":"if","locations":[{"start":{"line":78,"column":4},"end":{"line":84,"column":5}},{"start":{"line":78,"column":4},"end":{"line":84,"column":5}}],"line":78},"7":{"loc":{"start":{"line":78,"column":8},"end":{"line":78,"column":56}},"type":"binary-expr","locations":[{"start":{"line":78,"column":8},"end":{"line":78,"column":20}},{"start":{"line":78,"column":24},"end":{"line":78,"column":56}}],"line":78},"8":{"loc":{"start":{"line":86,"column":4},"end":{"line":86,"column":42}},"type":"if","locations":[{"start":{"line":86,"column":4},"end":{"line":86,"column":42}},{"start":{"line":86,"column":4},"end":{"line":86,"column":42}}],"line":86},"9":{"loc":{"start":{"line":92,"column":4},"end":{"line":100,"column":5}},"type":"if","locations":[{"start":{"line":92,"column":4},"end":{"line":100,"column":5}},{"start":{"line":92,"column":4},"end":{"line":100,"column":5}}],"line":92},"10":{"loc":{"start":{"line":95,"column":47},"end":{"line":95,"column":89}},"type":"cond-expr","locations":[{"start":{"line":95,"column":61},"end":{"line":95,"column":82}},{"start":{"line":95,"column":85},"end":{"line":95,"column":89}}],"line":95},"11":{"loc":{"start":{"line":104,"column":4},"end":{"line":119,"column":5}},"type":"if","locations":[{"start":{"line":104,"column":4},"end":{"line":119,"column":5}},{"start":{"line":104,"column":4},"end":{"line":119,"column":5}}],"line":104},"12":{"loc":{"start":{"line":125,"column":4},"end":{"line":127,"column":5}},"type":"if","locations":[{"start":{"line":125,"column":4},"end":{"line":127,"column":5}},{"start":{"line":125,"column":4},"end":{"line":127,"column":5}}],"line":125},"13":{"loc":{"start":{"line":133,"column":4},"end":{"line":135,"column":5}},"type":"if","locations":[{"start":{"line":133,"column":4},"end":{"line":135,"column":5}},{"start":{"line":133,"column":4},"end":{"line":135,"column":5}}],"line":133}},"s":{"0":1,"1":0,"2":0,"3":0,"4":0,"5":0,"6":0,"7":0,"8":0,"9":0,"10":0,"11":0,"12":0,"13":0,"14":0,"15":0,"16":0,"17":0,"18":0,"19":0,"20":0,"21":0,"22":0,"23":0,"24":0,"25":0,"26":0,"27":0,"28":0,"29":0,"30":0,"31":0,"32":0,"33":0,"34":0,"35":0,"36":0,"37":0,"38":0,"39":0,"40":0,"41":0,"42":1},"f":{"0":0,"1":0,"2":0,"3":0,"4":0,"5":0,"6":0,"7":0,"8":0,"9":0,"10":0,"11":0,"12":0,"13":0,"14":0,"15":0},"b":{"0":[0,0],"1":[0,0],"2":[0,0],"3":[0,0],"4":[0,0],"5":[0,0],"6":[0,0],"7":[0,0],"8":[0,0],"9":[0,0],"10":[0,0],"11":[0,0],"12":[0,0],"13":[0,0]},"_coverageSchema":"1a1c01bbd47fc00a2c39e90264f33305004495a9","hash":"41f5d96be666ec129fcfce6b5cb4ec674f949605"}
,"/home/shashika/PROJECTS/find-one/src/components/ui/screen/screen.styles.ts": {"path":"/home/shashika/PROJECTS/find-one/src/components/ui/screen/screen.styles.ts","statementMap":{},"fnMap":{},"branchMap":{},"s":{},"f":{},"b":{},"_coverageSchema":"1a1c01bbd47fc00a2c39e90264f33305004495a9","hash":"41ca4ac9e998cd742333b69568a7923868f6de1a"}
,"/home/shashika/PROJECTS/find-one/src/components/ui/spinner/spinner.component.tsx": {"path":"/home/shashika/PROJECTS/find-one/src/components/ui/spinner/spinner.component.tsx","statementMap":{"0":{"start":{"line":7,"column":16},"end":{"line":13,"column":1}},"1":{"start":{"line":8,"column":2},"end":{"line":12,"column":9}}},"fnMap":{"0":{"name":"(anonymous_0)","decl":{"start":{"line":7,"column":16},"end":{"line":7,"column":17}},"loc":{"start":{"line":8,"column":2},"end":{"line":12,"column":9}},"line":8}},"branchMap":{},"s":{"0":1,"1":0},"f":{"0":0},"b":{},"_coverageSchema":"1a1c01bbd47fc00a2c39e90264f33305004495a9","hash":"d46b793f449befd9b9d452f587281d43a3211f52"}
,"/home/shashika/PROJECTS/find-one/src/components/ui/spinner/spinner.styles.ts": {"path":"/home/shashika/PROJECTS/find-one/src/components/ui/spinner/spinner.styles.ts","statementMap":{},"fnMap":{},"branchMap":{},"s":{},"f":{},"b":{},"_coverageSchema":"1a1c01bbd47fc00a2c39e90264f33305004495a9","hash":"432c8099adca063495537ec0b3844ffae4bc6537"}
,"/home/shashika/PROJECTS/find-one/src/components/ui/tabView/index.tsx": {"path":"/home/shashika/PROJECTS/find-one/src/components/ui/tabView/index.tsx","statementMap":{"0":{"start":{"line":10,"column":16},"end":{"line":22,"column":1}},"1":{"start":{"line":11,"column":18},"end":{"line":11,"column":60}},"2":{"start":{"line":11,"column":37},"end":{"line":11,"column":60}},"3":{"start":{"line":13,"column":2},"end":{"line":21,"column":4}},"4":{"start":{"line":15,"column":81},"end":{"line":15,"column":95}},"5":{"start":{"line":24,"column":15},"end":{"line":32,"column":2}}},"fnMap":{"0":{"name":"(anonymous_0)","decl":{"start":{"line":10,"column":16},"end":{"line":10,"column":17}},"loc":{"start":{"line":10,"column":72},"end":{"line":22,"column":1}},"line":10},"1":{"name":"(anonymous_1)","decl":{"start":{"line":11,"column":18},"end":{"line":11,"column":19}},"loc":{"start":{"line":11,"column":37},"end":{"line":11,"column":60}},"line":11},"2":{"name":"(anonymous_2)","decl":{"start":{"line":15,"column":62},"end":{"line":15,"column":63}},"loc":{"start":{"line":15,"column":81},"end":{"line":15,"column":95}},"line":15}},"branchMap":{},"s":{"0":1,"1":0,"2":0,"3":0,"4":0,"5":1},"f":{"0":0,"1":0,"2":0},"b":{},"_coverageSchema":"1a1c01bbd47fc00a2c39e90264f33305004495a9","hash":"4226d2c113ee34f9ed916318026ce7662412a4bd"}
,"/home/shashika/PROJECTS/find-one/src/components/ui/tabView/tabBody.tsx": {"path":"/home/shashika/PROJECTS/find-one/src/components/ui/tabView/tabBody.tsx","statementMap":{"0":{"start":{"line":6,"column":16},"end":{"line":8,"column":1}},"1":{"start":{"line":7,"column":2},"end":{"line":7,"column":58}},"2":{"start":{"line":10,"column":15},"end":{"line":14,"column":2}}},"fnMap":{"0":{"name":"(anonymous_0)","decl":{"start":{"line":6,"column":16},"end":{"line":6,"column":17}},"loc":{"start":{"line":6,"column":42},"end":{"line":8,"column":1}},"line":6}},"branchMap":{},"s":{"0":1,"1":0,"2":1},"f":{"0":0},"b":{},"_coverageSchema":"1a1c01bbd47fc00a2c39e90264f33305004495a9","hash":"b7455615f452d351174f75f4f9f77bde85d5e642"}
,"/home/shashika/PROJECTS/find-one/src/components/ui/tabView/tabHeader.tsx": {"path":"/home/shashika/PROJECTS/find-one/src/components/ui/tabView/tabHeader.tsx","statementMap":{"0":{"start":{"line":7,"column":18},"end":{"line":30,"column":1}},"1":{"start":{"line":8,"column":40},"end":{"line":8,"column":51}},"2":{"start":{"line":10,"column":25},"end":{"line":13,"column":3}},"3":{"start":{"line":11,"column":4},"end":{"line":11,"column":31}},"4":{"start":{"line":12,"column":4},"end":{"line":12,"column":26}},"5":{"start":{"line":15,"column":2},"end":{"line":29,"column":4}},"6":{"start":{"line":18,"column":8},"end":{"line":26,"column":10}},"7":{"start":{"line":24,"column":36},"end":{"line":24,"column":57}},"8":{"start":{"line":32,"column":15},"end":{"line":37,"column":2}}},"fnMap":{"0":{"name":"(anonymous_0)","decl":{"start":{"line":7,"column":18},"end":{"line":7,"column":19}},"loc":{"start":{"line":7,"column":67},"end":{"line":30,"column":1}},"line":7},"1":{"name":"(anonymous_1)","decl":{"start":{"line":10,"column":25},"end":{"line":10,"column":26}},"loc":{"start":{"line":10,"column":44},"end":{"line":13,"column":3}},"line":10},"2":{"name":"(anonymous_2)","decl":{"start":{"line":17,"column":22},"end":{"line":17,"column":23}},"loc":{"start":{"line":17,"column":44},"end":{"line":27,"column":7}},"line":17},"3":{"name":"(anonymous_3)","decl":{"start":{"line":24,"column":30},"end":{"line":24,"column":31}},"loc":{"start":{"line":24,"column":36},"end":{"line":24,"column":57}},"line":24}},"branchMap":{"0":{"loc":{"start":{"line":22,"column":27},"end":{"line":22,"column":58}},"type":"cond-expr","locations":[{"start":{"line":22,"column":51},"end":{"line":22,"column":52}},{"start":{"line":22,"column":55},"end":{"line":22,"column":58}}],"line":22},"1":{"loc":{"start":{"line":23,"column":31},"end":{"line":23,"column":60}},"type":"cond-expr","locations":[{"start":{"line":23,"column":55},"end":{"line":23,"column":56}},{"start":{"line":23,"column":59},"end":{"line":23,"column":60}}],"line":23}},"s":{"0":1,"1":0,"2":0,"3":0,"4":0,"5":0,"6":0,"7":0,"8":1},"f":{"0":0,"1":0,"2":0,"3":0},"b":{"0":[0,0],"1":[0,0]},"_coverageSchema":"1a1c01bbd47fc00a2c39e90264f33305004495a9","hash":"5154e06a5e44f5561b83c297b1dd1d0e8cfb0fba"}
,"/home/shashika/PROJECTS/find-one/src/components/ui/tabView/tabHeaderButton.tsx": {"path":"/home/shashika/PROJECTS/find-one/src/components/ui/tabView/tabHeaderButton.tsx","statementMap":{"0":{"start":{"line":9,"column":24},"end":{"line":20,"column":1}},"1":{"start":{"line":15,"column":2},"end":{"line":19,"column":14}},"2":{"start":{"line":15,"column":53},"end":{"line":15,"column":71}},"3":{"start":{"line":22,"column":15},"end":{"line":31,"column":2}},"4":{"start":{"line":40,"column":0},"end":{"line":43,"column":2}}},"fnMap":{"0":{"name":"(anonymous_0)","decl":{"start":{"line":9,"column":24},"end":{"line":9,"column":25}},"loc":{"start":{"line":15,"column":2},"end":{"line":19,"column":14}},"line":15},"1":{"name":"(anonymous_1)","decl":{"start":{"line":15,"column":47},"end":{"line":15,"column":48}},"loc":{"start":{"line":15,"column":53},"end":{"line":15,"column":71}},"line":15}},"branchMap":{},"s":{"0":1,"1":0,"2":0,"3":1,"4":1},"f":{"0":0,"1":0},"b":{},"_coverageSchema":"1a1c01bbd47fc00a2c39e90264f33305004495a9","hash":"41c9937490e09a28b80dcf19454b7f585566bc6a"}
,"/home/shashika/PROJECTS/find-one/src/constants/colors.constant.ts": {"path":"/home/shashika/PROJECTS/find-one/src/constants/colors.constant.ts","statementMap":{"0":{"start":{"line":1,"column":22},"end":{"line":20,"column":1}}},"fnMap":{},"branchMap":{},"s":{"0":2},"f":{},"b":{},"_coverageSchema":"1a1c01bbd47fc00a2c39e90264f33305004495a9","hash":"2c850dda42cbf2e8dcff806a3b58bd79c1adc307"}
,"/home/shashika/PROJECTS/find-one/src/constants/icons.constant.ts": {"path":"/home/shashika/PROJECTS/find-one/src/constants/icons.constant.ts","statementMap":{"0":{"start":{"line":1,"column":21},"end":{"line":17,"column":1}}},"fnMap":{},"branchMap":{},"s":{"0":1},"f":{},"b":{},"_coverageSchema":"1a1c01bbd47fc00a2c39e90264f33305004495a9","hash":"9826bcac3ef73991297b2032b8f882f4a76d8f1d"}
,"/home/shashika/PROJECTS/find-one/src/enums/index.ts": {"path":"/home/shashika/PROJECTS/find-one/src/enums/index.ts","statementMap":{},"fnMap":{},"branchMap":{},"s":{},"f":{},"b":{},"_coverageSchema":"1a1c01bbd47fc00a2c39e90264f33305004495a9","hash":"4efb4d67ea7171a8d68519928314f19b2d941101"}
,"/home/shashika/PROJECTS/find-one/src/utils/android-permissions.utils.ts": {"path":"/home/shashika/PROJECTS/find-one/src/utils/android-permissions.utils.ts","statementMap":{"0":{"start":{"line":3,"column":40},"end":{"line":13,"column":1}},"1":{"start":{"line":4,"column":2},"end":{"line":12,"column":3}},"2":{"start":{"line":5,"column":21},"end":{"line":7,"column":5}},"3":{"start":{"line":9,"column":4},"end":{"line":9,"column":20}},"4":{"start":{"line":11,"column":4},"end":{"line":11,"column":17}},"5":{"start":{"line":15,"column":40},"end":{"line":23,"column":1}},"6":{"start":{"line":16,"column":2},"end":{"line":22,"column":3}},"7":{"start":{"line":17,"column":21},"end":{"line":17,"column":99}},"8":{"start":{"line":19,"column":4},"end":{"line":19,"column":20}},"9":{"start":{"line":21,"column":4},"end":{"line":21,"column":17}},"10":{"start":{"line":25,"column":39},"end":{"line":33,"column":1}},"11":{"start":{"line":26,"column":2},"end":{"line":32,"column":3}},"12":{"start":{"line":27,"column":21},"end":{"line":27,"column":92}},"13":{"start":{"line":29,"column":4},"end":{"line":29,"column":20}},"14":{"start":{"line":31,"column":4},"end":{"line":31,"column":17}},"15":{"start":{"line":35,"column":41},"end":{"line":45,"column":1}},"16":{"start":{"line":36,"column":2},"end":{"line":44,"column":3}},"17":{"start":{"line":37,"column":21},"end":{"line":39,"column":5}},"18":{"start":{"line":41,"column":4},"end":{"line":41,"column":20}},"19":{"start":{"line":43,"column":4},"end":{"line":43,"column":17}}},"fnMap":{"0":{"name":"(anonymous_0)","decl":{"start":{"line":3,"column":40},"end":{"line":3,"column":41}},"loc":{"start":{"line":3,"column":52},"end":{"line":13,"column":1}},"line":3},"1":{"name":"(anonymous_1)","decl":{"start":{"line":15,"column":40},"end":{"line":15,"column":41}},"loc":{"start":{"line":15,"column":52},"end":{"line":23,"column":1}},"line":15},"2":{"name":"(anonymous_2)","decl":{"start":{"line":25,"column":39},"end":{"line":25,"column":40}},"loc":{"start":{"line":25,"column":51},"end":{"line":33,"column":1}},"line":25},"3":{"name":"(anonymous_3)","decl":{"start":{"line":35,"column":41},"end":{"line":35,"column":42}},"loc":{"start":{"line":35,"column":53},"end":{"line":45,"column":1}},"line":35}},"branchMap":{},"s":{"0":1,"1":0,"2":0,"3":0,"4":0,"5":1,"6":0,"7":0,"8":0,"9":0,"10":1,"11":0,"12":0,"13":0,"14":0,"15":1,"16":0,"17":0,"18":0,"19":0},"f":{"0":0,"1":0,"2":0,"3":0},"b":{},"_coverageSchema":"1a1c01bbd47fc00a2c39e90264f33305004495a9","hash":"4304d1e165a2958d61b38c4e5f2c509167f25a11"}
,"/home/shashika/PROJECTS/find-one/src/utils/common.utils.ts": {"path":"/home/shashika/PROJECTS/find-one/src/utils/common.utils.ts","statementMap":{"0":{"start":{"line":5,"column":32},"end":{"line":5,"column":56}},"1":{"start":{"line":7,"column":31},"end":{"line":13,"column":1}},"2":{"start":{"line":9,"column":16},"end":{"line":9,"column":34}},"3":{"start":{"line":10,"column":21},"end":{"line":10,"column":33}},"4":{"start":{"line":11,"column":23},"end":{"line":11,"column":65}},"5":{"start":{"line":12,"column":2},"end":{"line":12,"column":89}},"6":{"start":{"line":15,"column":28},"end":{"line":17,"column":1}},"7":{"start":{"line":16,"column":2},"end":{"line":16,"column":50}},"8":{"start":{"line":19,"column":27},"end":{"line":22,"column":1}},"9":{"start":{"line":20,"column":2},"end":{"line":20,"column":28}},"10":{"start":{"line":21,"column":2},"end":{"line":21,"column":15}},"11":{"start":{"line":24,"column":29},"end":{"line":26,"column":1}},"12":{"start":{"line":25,"column":2},"end":{"line":25,"column":41}},"13":{"start":{"line":28,"column":21},"end":{"line":28,"column":65}},"14":{"start":{"line":28,"column":40},"end":{"line":28,"column":65}},"15":{"start":{"line":30,"column":25},"end":{"line":37,"column":1}},"16":{"start":{"line":31,"column":22},"end":{"line":31,"column":42}},"17":{"start":{"line":32,"column":12},"end":{"line":32,"column":53}},"18":{"start":{"line":33,"column":12},"end":{"line":33,"column":53}},"19":{"start":{"line":34,"column":12},"end":{"line":34,"column":53}},"20":{"start":{"line":36,"column":2},"end":{"line":36,"column":46}},"21":{"start":{"line":39,"column":36},"end":{"line":43,"column":1}},"22":{"start":{"line":40,"column":27},"end":{"line":40,"column":43}},"23":{"start":{"line":42,"column":2},"end":{"line":42,"column":40}},"24":{"start":{"line":45,"column":32},"end":{"line":58,"column":1}},"25":{"start":{"line":46,"column":19},"end":{"line":46,"column":24}},"26":{"start":{"line":48,"column":2},"end":{"line":55,"column":3}},"27":{"start":{"line":48,"column":15},"end":{"line":48,"column":16}},"28":{"start":{"line":49,"column":4},"end":{"line":54,"column":5}},"29":{"start":{"line":50,"column":6},"end":{"line":50,"column":25}},"30":{"start":{"line":51,"column":6},"end":{"line":51,"column":12}},"31":{"start":{"line":53,"column":6},"end":{"line":53,"column":24}},"32":{"start":{"line":57,"column":2},"end":{"line":57,"column":20}},"33":{"start":{"line":60,"column":32},"end":{"line":64,"column":1}},"34":{"start":{"line":61,"column":2},"end":{"line":61,"column":53}},"35":{"start":{"line":61,"column":43},"end":{"line":61,"column":53}},"36":{"start":{"line":63,"column":2},"end":{"line":63,"column":29}},"37":{"start":{"line":66,"column":37},"end":{"line":69,"column":1}},"38":{"start":{"line":67,"column":2},"end":{"line":67,"column":53}},"39":{"start":{"line":67,"column":43},"end":{"line":67,"column":53}},"40":{"start":{"line":68,"column":2},"end":{"line":68,"column":59}},"41":{"start":{"line":71,"column":20},"end":{"line":71,"column":62}},"42":{"start":{"line":71,"column":35},"end":{"line":71,"column":61}},"43":{"start":{"line":73,"column":29},"end":{"line":76,"column":1}},"44":{"start":{"line":74,"column":2},"end":{"line":74,"column":40}},"45":{"start":{"line":74,"column":12},"end":{"line":74,"column":40}},"46":{"start":{"line":75,"column":2},"end":{"line":75,"column":12}},"47":{"start":{"line":78,"column":28},"end":{"line":85,"column":1}},"48":{"start":{"line":79,"column":2},"end":{"line":79,"column":19}},"49":{"start":{"line":79,"column":12},"end":{"line":79,"column":19}},"50":{"start":{"line":81,"column":2},"end":{"line":81,"column":65}},"51":{"start":{"line":81,"column":27},"end":{"line":81,"column":65}},"52":{"start":{"line":83,"column":26},"end":{"line":83,"column":65}},"53":{"start":{"line":84,"column":2},"end":{"line":84,"column":70}},"54":{"start":{"line":87,"column":34},"end":{"line":92,"column":1}},"55":{"start":{"line":88,"column":2},"end":{"line":88,"column":33}},"56":{"start":{"line":88,"column":26},"end":{"line":88,"column":33}},"57":{"start":{"line":90,"column":26},"end":{"line":90,"column":48}},"58":{"start":{"line":91,"column":2},"end":{"line":91,"column":31}}},"fnMap":{"0":{"name":"(anonymous_0)","decl":{"start":{"line":7,"column":31},"end":{"line":7,"column":32}},"loc":{"start":{"line":7,"column":53},"end":{"line":13,"column":1}},"line":7},"1":{"name":"(anonymous_1)","decl":{"start":{"line":15,"column":28},"end":{"line":15,"column":29}},"loc":{"start":{"line":15,"column":88},"end":{"line":17,"column":1}},"line":15},"2":{"name":"(anonymous_2)","decl":{"start":{"line":19,"column":27},"end":{"line":19,"column":28}},"loc":{"start":{"line":19,"column":67},"end":{"line":22,"column":1}},"line":19},"3":{"name":"(anonymous_3)","decl":{"start":{"line":24,"column":29},"end":{"line":24,"column":30}},"loc":{"start":{"line":24,"column":66},"end":{"line":26,"column":1}},"line":24},"4":{"name":"(anonymous_4)","decl":{"start":{"line":28,"column":21},"end":{"line":28,"column":22}},"loc":{"start":{"line":28,"column":40},"end":{"line":28,"column":65}},"line":28},"5":{"name":"(anonymous_5)","decl":{"start":{"line":30,"column":25},"end":{"line":30,"column":26}},"loc":{"start":{"line":30,"column":59},"end":{"line":37,"column":1}},"line":30},"6":{"name":"(anonymous_6)","decl":{"start":{"line":39,"column":36},"end":{"line":39,"column":37}},"loc":{"start":{"line":39,"column":56},"end":{"line":43,"column":1}},"line":39},"7":{"name":"(anonymous_7)","decl":{"start":{"line":45,"column":32},"end":{"line":45,"column":33}},"loc":{"start":{"line":45,"column":69},"end":{"line":58,"column":1}},"line":45},"8":{"name":"(anonymous_8)","decl":{"start":{"line":60,"column":32},"end":{"line":60,"column":33}},"loc":{"start":{"line":60,"column":51},"end":{"line":64,"column":1}},"line":60},"9":{"name":"(anonymous_9)","decl":{"start":{"line":66,"column":37},"end":{"line":66,"column":38}},"loc":{"start":{"line":66,"column":56},"end":{"line":69,"column":1}},"line":66},"10":{"name":"(anonymous_10)","decl":{"start":{"line":71,"column":20},"end":{"line":71,"column":21}},"loc":{"start":{"line":71,"column":35},"end":{"line":71,"column":61}},"line":71},"11":{"name":"(anonymous_11)","decl":{"start":{"line":73,"column":29},"end":{"line":73,"column":30}},"loc":{"start":{"line":73,"column":47},"end":{"line":76,"column":1}},"line":73},"12":{"name":"(anonymous_12)","decl":{"start":{"line":78,"column":28},"end":{"line":78,"column":29}},"loc":{"start":{"line":78,"column":67},"end":{"line":85,"column":1}},"line":78},"13":{"name":"(anonymous_13)","decl":{"start":{"line":87,"column":34},"end":{"line":87,"column":35}},"loc":{"start":{"line":87,"column":51},"end":{"line":92,"column":1}},"line":87}},"branchMap":{"0":{"loc":{"start":{"line":7,"column":32},"end":{"line":7,"column":48}},"type":"default-arg","locations":[{"start":{"line":7,"column":47},"end":{"line":7,"column":48}}],"line":7},"1":{"loc":{"start":{"line":12,"column":9},"end":{"line":12,"column":88}},"type":"cond-expr","locations":[{"start":{"line":12,"column":33},"end":{"line":12,"column":57}},{"start":{"line":12,"column":60},"end":{"line":12,"column":88}}],"line":12},"2":{"loc":{"start":{"line":49,"column":4},"end":{"line":54,"column":5}},"type":"if","locations":[{"start":{"line":49,"column":4},"end":{"line":54,"column":5}},{"start":{"line":49,"column":4},"end":{"line":54,"column":5}}],"line":49},"3":{"loc":{"start":{"line":61,"column":2},"end":{"line":61,"column":53}},"type":"if","locations":[{"start":{"line":61,"column":2},"end":{"line":61,"column":53}},{"start":{"line":61,"column":2},"end":{"line":61,"column":53}}],"line":61},"4":{"loc":{"start":{"line":61,"column":6},"end":{"line":61,"column":41}},"type":"binary-expr","locations":[{"start":{"line":61,"column":6},"end":{"line":61,"column":12}},{"start":{"line":61,"column":16},"end":{"line":61,"column":41}}],"line":61},"5":{"loc":{"start":{"line":67,"column":2},"end":{"line":67,"column":53}},"type":"if","locations":[{"start":{"line":67,"column":2},"end":{"line":67,"column":53}},{"start":{"line":67,"column":2},"end":{"line":67,"column":53}}],"line":67},"6":{"loc":{"start":{"line":67,"column":6},"end":{"line":67,"column":41}},"type":"binary-expr","locations":[{"start":{"line":67,"column":6},"end":{"line":67,"column":12}},{"start":{"line":67,"column":16},"end":{"line":67,"column":41}}],"line":67},"7":{"loc":{"start":{"line":71,"column":35},"end":{"line":71,"column":61}},"type":"cond-expr","locations":[{"start":{"line":71,"column":41},"end":{"line":71,"column":56}},{"start":{"line":71,"column":59},"end":{"line":71,"column":61}}],"line":71},"8":{"loc":{"start":{"line":74,"column":2},"end":{"line":74,"column":40}},"type":"if","locations":[{"start":{"line":74,"column":2},"end":{"line":74,"column":40}},{"start":{"line":74,"column":2},"end":{"line":74,"column":40}}],"line":74},"9":{"loc":{"start":{"line":79,"column":2},"end":{"line":79,"column":19}},"type":"if","locations":[{"start":{"line":79,"column":2},"end":{"line":79,"column":19}},{"start":{"line":79,"column":2},"end":{"line":79,"column":19}}],"line":79},"10":{"loc":{"start":{"line":81,"column":2},"end":{"line":81,"column":65}},"type":"if","locations":[{"start":{"line":81,"column":2},"end":{"line":81,"column":65}},{"start":{"line":81,"column":2},"end":{"line":81,"column":65}}],"line":81},"11":{"loc":{"start":{"line":84,"column":9},"end":{"line":84,"column":69}},"type":"cond-expr","locations":[{"start":{"line":84,"column":22},"end":{"line":84,"column":45}},{"start":{"line":84,"column":48},"end":{"line":84,"column":69}}],"line":84},"12":{"loc":{"start":{"line":88,"column":2},"end":{"line":88,"column":33}},"type":"if","locations":[{"start":{"line":88,"column":2},"end":{"line":88,"column":33}},{"start":{"line":88,"column":2},"end":{"line":88,"column":33}}],"line":88},"13":{"loc":{"start":{"line":88,"column":6},"end":{"line":88,"column":24}},"type":"binary-expr","locations":[{"start":{"line":88,"column":6},"end":{"line":88,"column":13}},{"start":{"line":88,"column":17},"end":{"line":88,"column":24}}],"line":88}},"s":{"0":1,"1":1,"2":71,"3":71,"4":71,"5":71,"6":1,"7":0,"8":1,"9":0,"10":0,"11":1,"12":0,"13":1,"14":0,"15":1,"16":0,"17":0,"18":0,"19":0,"20":0,"21":1,"22":0,"23":0,"24":1,"25":0,"26":0,"27":0,"28":0,"29":0,"30":0,"31":0,"32":0,"33":1,"34":0,"35":0,"36":0,"37":1,"38":0,"39":0,"40":0,"41":1,"42":0,"43":1,"44":0,"45":0,"46":0,"47":1,"48":0,"49":0,"50":0,"51":0,"52":0,"53":0,"54":1,"55":0,"56":0,"57":0,"58":0},"f":{"0":71,"1":0,"2":0,"3":0,"4":0,"5":0,"6":0,"7":0,"8":0,"9":0,"10":0,"11":0,"12":0,"13":0},"b":{"0":[0],"1":[71,0],"2":[0,0],"3":[0,0],"4":[0,0],"5":[0,0],"6":[0,0],"7":[0,0],"8":[0,0],"9":[0,0],"10":[0,0],"11":[0,0],"12":[0,0],"13":[0,0]},"_coverageSchema":"1a1c01bbd47fc00a2c39e90264f33305004495a9","hash":"f62af130e24b5495088c5984ebf47f7f50e92586"}
,"/home/shashika/PROJECTS/find-one/src/validations/index.ts": {"path":"/home/shashika/PROJECTS/find-one/src/validations/index.ts","statementMap":{"0":{"start":{"line":7,"column":24},"end":{"line":31,"column":42}},"1":{"start":{"line":8,"column":2},"end":{"line":31,"column":42}},"2":{"start":{"line":10,"column":6},"end":{"line":10,"column":60}},"3":{"start":{"line":10,"column":47},"end":{"line":10,"column":60}},"4":{"start":{"line":12,"column":6},"end":{"line":29,"column":7}},"5":{"start":{"line":14,"column":10},"end":{"line":14,"column":34}},"6":{"start":{"line":16,"column":10},"end":{"line":16,"column":31}},"7":{"start":{"line":18,"column":10},"end":{"line":18,"column":32}},"8":{"start":{"line":20,"column":10},"end":{"line":20,"column":30}},"9":{"start":{"line":22,"column":10},"end":{"line":22,"column":32}},"10":{"start":{"line":24,"column":10},"end":{"line":24,"column":30}},"11":{"start":{"line":26,"column":10},"end":{"line":26,"column":34}},"12":{"start":{"line":28,"column":10},"end":{"line":28,"column":23}},"13":{"start":{"line":31,"column":28},"end":{"line":31,"column":41}},"14":{"start":{"line":35,"column":17},"end":{"line":35,"column":75}},"15":{"start":{"line":35,"column":33},"end":{"line":35,"column":75}},"16":{"start":{"line":37,"column":14},"end":{"line":37,"column":55}},"17":{"start":{"line":37,"column":30},"end":{"line":37,"column":55}},"18":{"start":{"line":39,"column":13},"end":{"line":39,"column":53}},"19":{"start":{"line":39,"column":29},"end":{"line":39,"column":53}},"20":{"start":{"line":41,"column":15},"end":{"line":41,"column":57}},"21":{"start":{"line":41,"column":31},"end":{"line":41,"column":57}},"22":{"start":{"line":43,"column":13},"end":{"line":43,"column":53}},"23":{"start":{"line":43,"column":29},"end":{"line":43,"column":53}},"24":{"start":{"line":45,"column":15},"end":{"line":45,"column":78}},"25":{"start":{"line":45,"column":34},"end":{"line":45,"column":78}},"26":{"start":{"line":47,"column":32},"end":{"line":57,"column":1}},"27":{"start":{"line":48,"column":36},"end":{"line":48,"column":38}},"28":{"start":{"line":50,"column":2},"end":{"line":50,"column":92}},"29":{"start":{"line":50,"column":41},"end":{"line":50,"column":92}},"30":{"start":{"line":51,"column":2},"end":{"line":51,"column":92}},"31":{"start":{"line":51,"column":41},"end":{"line":51,"column":92}},"32":{"start":{"line":52,"column":2},"end":{"line":52,"column":86}},"33":{"start":{"line":52,"column":38},"end":{"line":52,"column":86}},"34":{"start":{"line":53,"column":2},"end":{"line":53,"column":91}},"35":{"start":{"line":53,"column":43},"end":{"line":53,"column":91}},"36":{"start":{"line":54,"column":2},"end":{"line":54,"column":86}},"37":{"start":{"line":54,"column":38},"end":{"line":54,"column":86}},"38":{"start":{"line":56,"column":2},"end":{"line":56,"column":25}}},"fnMap":{"0":{"name":"(anonymous_0)","decl":{"start":{"line":7,"column":24},"end":{"line":7,"column":25}},"loc":{"start":{"line":8,"column":2},"end":{"line":31,"column":42}},"line":8},"1":{"name":"(anonymous_1)","decl":{"start":{"line":9,"column":12},"end":{"line":9,"column":13}},"loc":{"start":{"line":9,"column":36},"end":{"line":30,"column":5}},"line":9},"2":{"name":"(anonymous_2)","decl":{"start":{"line":31,"column":9},"end":{"line":31,"column":10}},"loc":{"start":{"line":31,"column":28},"end":{"line":31,"column":41}},"line":31},"3":{"name":"(anonymous_3)","decl":{"start":{"line":35,"column":17},"end":{"line":35,"column":18}},"loc":{"start":{"line":35,"column":33},"end":{"line":35,"column":75}},"line":35},"4":{"name":"(anonymous_4)","decl":{"start":{"line":37,"column":14},"end":{"line":37,"column":15}},"loc":{"start":{"line":37,"column":30},"end":{"line":37,"column":55}},"line":37},"5":{"name":"(anonymous_5)","decl":{"start":{"line":39,"column":13},"end":{"line":39,"column":14}},"loc":{"start":{"line":39,"column":29},"end":{"line":39,"column":53}},"line":39},"6":{"name":"(anonymous_6)","decl":{"start":{"line":41,"column":15},"end":{"line":41,"column":16}},"loc":{"start":{"line":41,"column":31},"end":{"line":41,"column":57}},"line":41},"7":{"name":"(anonymous_7)","decl":{"start":{"line":43,"column":13},"end":{"line":43,"column":14}},"loc":{"start":{"line":43,"column":29},"end":{"line":43,"column":53}},"line":43},"8":{"name":"(anonymous_8)","decl":{"start":{"line":45,"column":15},"end":{"line":45,"column":16}},"loc":{"start":{"line":45,"column":34},"end":{"line":45,"column":78}},"line":45},"9":{"name":"(anonymous_9)","decl":{"start":{"line":47,"column":32},"end":{"line":47,"column":33}},"loc":{"start":{"line":47,"column":51},"end":{"line":57,"column":1}},"line":47}},"branchMap":{"0":{"loc":{"start":{"line":10,"column":6},"end":{"line":10,"column":60}},"type":"if","locations":[{"start":{"line":10,"column":6},"end":{"line":10,"column":60}},{"start":{"line":10,"column":6},"end":{"line":10,"column":60}}],"line":10},"1":{"loc":{"start":{"line":10,"column":10},"end":{"line":10,"column":45}},"type":"binary-expr","locations":[{"start":{"line":10,"column":10},"end":{"line":10,"column":16}},{"start":{"line":10,"column":20},"end":{"line":10,"column":45}}],"line":10},"2":{"loc":{"start":{"line":12,"column":6},"end":{"line":29,"column":7}},"type":"switch","locations":[{"start":{"line":13,"column":8},"end":{"line":14,"column":34}},{"start":{"line":15,"column":8},"end":{"line":16,"column":31}},{"start":{"line":17,"column":8},"end":{"line":18,"column":32}},{"start":{"line":19,"column":8},"end":{"line":20,"column":30}},{"start":{"line":21,"column":8},"end":{"line":22,"column":32}},{"start":{"line":23,"column":8},"end":{"line":24,"column":30}},{"start":{"line":25,"column":8},"end":{"line":26,"column":34}},{"start":{"line":27,"column":8},"end":{"line":28,"column":23}}],"line":12},"3":{"loc":{"start":{"line":50,"column":2},"end":{"line":50,"column":92}},"type":"if","locations":[{"start":{"line":50,"column":2},"end":{"line":50,"column":92}},{"start":{"line":50,"column":2},"end":{"line":50,"column":92}}],"line":50},"4":{"loc":{"start":{"line":51,"column":2},"end":{"line":51,"column":92}},"type":"if","locations":[{"start":{"line":51,"column":2},"end":{"line":51,"column":92}},{"start":{"line":51,"column":2},"end":{"line":51,"column":92}}],"line":51},"5":{"loc":{"start":{"line":52,"column":2},"end":{"line":52,"column":86}},"type":"if","locations":[{"start":{"line":52,"column":2},"end":{"line":52,"column":86}},{"start":{"line":52,"column":2},"end":{"line":52,"column":86}}],"line":52},"6":{"loc":{"start":{"line":53,"column":2},"end":{"line":53,"column":91}},"type":"if","locations":[{"start":{"line":53,"column":2},"end":{"line":53,"column":91}},{"start":{"line":53,"column":2},"end":{"line":53,"column":91}}],"line":53},"7":{"loc":{"start":{"line":54,"column":2},"end":{"line":54,"column":86}},"type":"if","locations":[{"start":{"line":54,"column":2},"end":{"line":54,"column":86}},{"start":{"line":54,"column":2},"end":{"line":54,"column":86}}],"line":54}},"s":{"0":1,"1":0,"2":0,"3":0,"4":0,"5":0,"6":0,"7":0,"8":0,"9":0,"10":0,"11":0,"12":0,"13":0,"14":1,"15":0,"16":1,"17":0,"18":1,"19":0,"20":1,"21":0,"22":1,"23":0,"24":1,"25":0,"26":1,"27":0,"28":0,"29":0,"30":0,"31":0,"32":0,"33":0,"34":0,"35":0,"36":0,"37":0,"38":0},"f":{"0":0,"1":0,"2":0,"3":0,"4":0,"5":0,"6":0,"7":0,"8":0,"9":0},"b":{"0":[0,0],"1":[0,0],"2":[0,0,0,0,0,0,0,0],"3":[0,0],"4":[0,0],"5":[0,0],"6":[0,0],"7":[0,0]},"_coverageSchema":"1a1c01bbd47fc00a2c39e90264f33305004495a9","hash":"19c91cc73ddfcda647ddcb36ee3b18ff35078c41"}
,"/home/shashika/PROJECTS/find-one/src/validations/validations.errors.ts": {"path":"/home/shashika/PROJECTS/find-one/src/validations/validations.errors.ts","statementMap":{"0":{"start":{"line":1,"column":27},"end":{"line":9,"column":1}}},"fnMap":{},"branchMap":{},"s":{"0":1},"f":{},"b":{},"_coverageSchema":"1a1c01bbd47fc00a2c39e90264f33305004495a9","hash":"5b74ba9e319b9aedcb72ea75457ae79e80ec63be"}
,"/home/shashika/PROJECTS/find-one/src/validations/validations.regexes.ts": {"path":"/home/shashika/PROJECTS/find-one/src/validations/validations.regexes.ts","statementMap":{"0":{"start":{"line":1,"column":23},"end":{"line":12,"column":1}}},"fnMap":{},"branchMap":{},"s":{"0":1},"f":{},"b":{},"_coverageSchema":"1a1c01bbd47fc00a2c39e90264f33305004495a9","hash":"72f1be7aacf34114e76542fcded0a4bedf2c7993"}
}
